Log file open, 01/18/19 18:19:00
LogWindows: Failed to load 'aqProf.dll' (GetLastError=126)
LogWindows: File 'aqProf.dll' does not exist
LogWindows: Failed to load 'VSPerf140.dll' (GetLastError=126)
LogWindows: File 'VSPerf140.dll' does not exist
LogWindows: Failed to load 'VtuneApi.dll' (GetLastError=126)
LogWindows: File 'VtuneApi.dll' does not exist
LogWindows: Failed to load 'VtuneApi32e.dll' (GetLastError=126)
LogWindows: File 'VtuneApi32e.dll' does not exist
LogInit: Display: Running engine for game: MyProject
LogPlatformFile: Not using cached read wrapper
LogTaskGraph: Started task graph with 5 named threads and 23 total threads with 3 sets of task threads.
LogStats: Stats thread started at 0.278791
LogD3D11RHI: Loaded GFSDK_Aftermath_Lib.x64.dll
LogICUInternationalization: Display: ICU TimeZone Detection - Raw Offset: -7:00, Platform Override: ''
LogPluginManager: Mounting plugin Paper2D
LogPluginManager: Mounting plugin AISupport
LogPluginManager: Mounting plugin LightPropagationVolume
LogPluginManager: Mounting plugin CLionSourceCodeAccess
LogPluginManager: Mounting plugin CodeLiteSourceCodeAccess
LogPluginManager: Mounting plugin GitSourceControl
LogPluginManager: Mounting plugin KDevelopSourceCodeAccess
LogPluginManager: Mounting plugin NullSourceCodeAccess
LogPluginManager: Mounting plugin PerforceSourceControl
LogPluginManager: Mounting plugin SubversionSourceControl
LogPluginManager: Mounting plugin UObjectPlugin
LogPluginManager: Mounting plugin VisualStudioCodeSourceCodeAccess
LogPluginManager: Mounting plugin VisualStudioSourceCodeAccess
LogPluginManager: Mounting plugin XCodeSourceCodeAccess
LogPluginManager: Mounting plugin AssetManagerEditor
LogPluginManager: Mounting plugin CryptoKeys
LogPluginManager: Mounting plugin DataValidation
LogPluginManager: Mounting plugin FacialAnimation
LogPluginManager: Mounting plugin GameplayTagsEditor
LogPluginManager: Mounting plugin MacGraphicsSwitching
LogPluginManager: Mounting plugin MeshEditor
LogPluginManager: Mounting plugin MobileLauncherProfileWizard
LogPluginManager: Mounting plugin PluginBrowser
LogPluginManager: Mounting plugin SpeedTreeImporter
LogPluginManager: Mounting plugin DatasmithContent
LogPluginManager: Mounting plugin AlembicImporter
LogPluginManager: Mounting plugin AppleImageUtils
LogPluginManager: Mounting plugin AppleVision
LogPluginManager: Mounting plugin BackChannel
LogPluginManager: Mounting plugin CharacterAI
LogPluginManager: Mounting plugin GeometryCache
LogPluginManager: Mounting plugin HTML5Networking
LogPluginManager: Mounting plugin ProxyLODPlugin
LogPluginManager: Mounting plugin MagicLeap
LogPluginManager: Mounting plugin MagicLeapEmulator
LogPluginManager: Mounting plugin MagicLeapMedia
LogPluginManager: Mounting plugin AndroidMedia
LogPluginManager: Mounting plugin AvfMedia
LogPluginManager: Mounting plugin ImgMedia
LogPluginManager: Mounting plugin LinearTimecode
LogPluginManager: Mounting plugin MediaCompositing
LogPluginManager: Mounting plugin MediaPlayerEditor
LogPluginManager: Mounting plugin WmfMedia
LogPluginManager: Mounting plugin TcpMessaging
LogPluginManager: Mounting plugin UdpMessaging
LogPluginManager: Mounting plugin ActorSequence
LogPluginManager: Mounting plugin LevelSequenceEditor
LogPluginManager: Mounting plugin MatineeToLevelSequence
LogPluginManager: Mounting plugin NetcodeUnitTest
LogPluginManager: Mounting plugin NUTUnrealEngine4
LogPluginManager: Mounting plugin OnlineSubsystemGooglePlay
LogPluginManager: Mounting plugin OnlineSubsystemIOS
LogPluginManager: Mounting plugin OnlineSubsystem
LogPluginManager: Mounting plugin OnlineSubsystemNull
LogPluginManager: Mounting plugin OnlineSubsystemUtils
LogPluginManager: Mounting plugin LauncherChunkInstaller
LogPluginManager: Mounting plugin AndroidDeviceProfileSelector
LogPluginManager: Mounting plugin AndroidMoviePlayer
LogPluginManager: Mounting plugin AndroidPermission
LogPluginManager: Mounting plugin AppleMoviePlayer
LogPluginManager: Mounting plugin ArchVisCharacter
LogPluginManager: Mounting plugin AudioCapture
LogPluginManager: Mounting plugin CableComponent
LogPluginManager: Mounting plugin CustomMeshComponent
LogPluginManager: Mounting plugin EditableMesh
LogPluginManager: Mounting plugin ExampleDeviceProfileSelector
LogPluginManager: Mounting plugin GoogleCloudMessaging
LogPluginManager: Mounting plugin ImmediatePhysics
LogPluginManager: Mounting plugin IOSDeviceProfileSelector
LogPluginManager: Mounting plugin LinuxDeviceProfileSelector
LogPluginManager: Mounting plugin LocationServicesBPLibrary
LogPluginManager: Mounting plugin MobilePatchingUtils
LogPluginManager: Mounting plugin OculusVR
LogPluginManager: Plugin shader directory ../../../Engine/Plugins/Runtime/Oculus/OculusVR/Shaders found
LogPluginManager: Mapping shader source directory ../../../Engine/Plugins/Runtime/Oculus/OculusVR/Shaders to virtual directory /Plugin/OculusVR
LogPluginManager: Mounting plugin PhysXVehicles
LogPluginManager: Mounting plugin ProceduralMeshComponent
LogPluginManager: Mounting plugin RuntimePhysXCooking
LogPluginManager: Mounting plugin SteamVR
LogPluginManager: Mounting plugin WindowsMoviePlayer
LogStreaming: Display: Took  0.105s to configure plugins.
LogInit: Using libcurl 7.55.1-DEV
LogInit:  - built for x86_64-pc-win32
LogInit:  - supports SSL with OpenSSL/1.0.2h
LogInit:  - supports HTTP deflate (compression) using libz 1.2.8
LogInit:  - other features:
LogInit:      CURL_VERSION_SSL
LogInit:      CURL_VERSION_LIBZ
LogInit:      CURL_VERSION_IPV6
LogInit:      CURL_VERSION_ASYNCHDNS
LogInit:      CURL_VERSION_LARGEFILE
LogInit:      CURL_VERSION_IDN
LogInit:  CurlRequestOptions (configurable via config and command line):
LogInit:  - bVerifyPeer = false  - Libcurl will NOT verify peer certificate
LogInit:  - bUseHttpProxy = false  - Libcurl will NOT use HTTP proxy
LogInit:  - bDontReuseConnections = false  - Libcurl will reuse connections
LogInit:  - CertBundlePath = nullptr  - Libcurl will use whatever was configured at build time.
LogInit:  - MaxHostConnections = 16  - Libcurl will limit the number of connections to a host
LogInit:  - LocalHostAddr = Default
LogInit:  - BufferSize = 65536
LogInit: WinSock: version 1.1 (2.2), MaxSocks=32767, MaxUdp=65467
LogInit: Build: ++UE4+Release-4.20-CL-4369336
LogInit: Engine Version: 4.20.3-4369336+++UE4+Release-4.20
LogInit: Compatible Engine Version: 4.20.0-4212847+++UE4+Release-4.20
LogInit: Net CL: 4212847
LogInit: OS: Windows 10 (), CPU: Intel(R) Core(TM) i7-7700HQ CPU @ 2.80GHz, GPU: Intel(R) HD Graphics 630
LogInit: Compiled (64-bit): Sep 17 2018 12:26:19
LogInit: Compiled with Visual C++: 19.13.26129.00
LogInit: Build Configuration: Development
LogInit: Branch Name: ++UE4+Release-4.20
LogInit: Command Line: 
LogInit: Base Directory: D:/Program Files/Epic Games/UE_4.20/Engine/Binaries/Win64/
LogInit: Installed Engine Build: 1
LogDevObjectVersion: Number of dev versions registered: 20
LogDevObjectVersion:   Dev-Blueprints (B0D832E4-1F89-4F0D-ACCF-7EB736FD4AA2): 10
LogDevObjectVersion:   Dev-Build (E1C64328-A22C-4D53-A36C-8E866417BD8C): 0
LogDevObjectVersion:   Dev-Core (375EC13C-06E4-48FB-B500-84F0262A717E): 2
LogDevObjectVersion:   Dev-Editor (E4B068ED-F494-42E9-A231-DA0B2E46BB41): 24
LogDevObjectVersion:   Dev-Framework (CFFC743F-43B0-4480-9391-14DF171D2073): 34
LogDevObjectVersion:   Dev-Mobile (B02B49B5-BB20-44E9-A304-32B752E40360): 2
LogDevObjectVersion:   Dev-Networking (A4E4105C-59A1-49B5-A7C5-40C4547EDFEE): 0
LogDevObjectVersion:   Dev-Online (39C831C9-5AE6-47DC-9A44-9C173E1C8E7C): 0
LogDevObjectVersion:   Dev-Physics (78F01B33-EBEA-4F98-B9B4-84EACCB95AA2): 0
LogDevObjectVersion:   Dev-Platform (6631380F-2D4D-43E0-8009-CF276956A95A): 0
LogDevObjectVersion:   Dev-Rendering (12F88B9F-8875-4AFC-A67C-D90C383ABD29): 26
LogDevObjectVersion:   Dev-Sequencer (7B5AE74C-D270-4C10-A958-57980B212A5A): 9
LogDevObjectVersion:   Dev-VR (D7296918-1DD6-4BDD-9DE2-64A83CC13884): 2
LogDevObjectVersion:   Dev-LoadTimes (C2A15278-BFE7-4AFE-6C17-90FF531DF755): 1
LogDevObjectVersion:   Private-Geometry (6EACA3D4-40EC-4CC1-B786-8BED09428FC5): 3
LogDevObjectVersion:   Dev-AnimPhys (29E575DD-E0A3-4627-9D10-D276232CDCEA): 17
LogDevObjectVersion:   Dev-ReflectionCapture (6B266CEC-1EC7-4B8F-A30B-E4D90942FC07): 1
LogDevObjectVersion:   Dev-Automation (0DF73D61-A23F-47EA-B727-89E90C41499A): 1
LogDevObjectVersion:   FortniteMain (601D1886-AC64-4F84-AA16-D3DE0DEAC7D6): 12
LogDevObjectVersion:   Dev-Enterprise (9DFFBCD6-494F-0158-E221-12823C92A888): 1
LogStreaming: Display: Took  0.000s to delete old logs.
LogInit: Presizing for max 8388607 objects, including 0 objects not considered by GC, pre-allocating 0 bytes for permanent pool.
LogInit: Object subsystem initialized
[2019.01.19-01.19.01:101][  0]LogInit: Selected Device Profile: [Windows]
[2019.01.19-01.19.01:101][  0]LogInit: Applying CVar settings loaded from the selected device profile: [Windows]
[2019.01.19-01.19.01:114][  0]LogHAL: Display: Platform has ~ 16 GB [17061810176 / 17179869184 / 16], which maps to Larger [LargestMinGB=32, LargerMinGB=12, DefaultMinGB=8, SmallerMinGB=6, SmallestMinGB=0)
[2019.01.19-01.19.01:114][  0]LogInit: Setting Device Profile CVar: [[r.Vulkan.UseRealUBs:1]]
[2019.01.19-01.19.01:114][  0]LogInit: Going up to parent DeviceProfile []
[2019.01.19-01.19.01:114][  0]LogInit: Computer: MSI
[2019.01.19-01.19.01:114][  0]LogInit: User: Andro
[2019.01.19-01.19.01:114][  0]LogInit: CPU Page size=4096, Cores=4
[2019.01.19-01.19.01:114][  0]LogInit: High frequency timer resolution =2.742186 MHz
[2019.01.19-01.19.01:114][  0]LogMemory: Memory total: Physical=15.9GB (16GB approx)
[2019.01.19-01.19.01:114][  0]LogMemory: Platform Memory Stats for Windows
[2019.01.19-01.19.01:114][  0]LogMemory: Process Physical Memory: 100.15 MB used, 100.15 MB peak
[2019.01.19-01.19.01:114][  0]LogMemory: Process Virtual Memory: 89.42 MB used, 89.42 MB peak
[2019.01.19-01.19.01:114][  0]LogMemory: Physical Memory: 7835.20 MB used,  8436.21 MB free, 16271.41 MB total
[2019.01.19-01.19.01:114][  0]LogMemory: Virtual Memory: 4643.65 MB used,  8436.21 MB free, 134217728.00 MB total
[2019.01.19-01.19.01:372][  0]LogInit: Using OS detected language (en-US).
[2019.01.19-01.19.01:372][  0]LogInit: Using OS detected locale (it-IT).
[2019.01.19-01.19.01:373][  0]LogTextLocalizationManager: No specific localization for 'en-US' exists, so the 'en' localization will be used.
[2019.01.19-01.19.01:755][  0]LogStreaming: Display: Took  0.383s to InitEngineTextLocalization.
[2019.01.19-01.19.01:755][  0]LogInit: Setting process to per monitor DPI aware
[2019.01.19-01.19.01:789][  0]LogSlate: New Slate User Created.  User Index 0, Is Virtual User: 0
[2019.01.19-01.19.01:789][  0]LogSlate: Slate User Registered.  User Index 0, Is Virtual User: 0
[2019.01.19-01.19.02:114][  0]LogHMD: Failed to initialize OpenVR with code 110
[2019.01.19-01.19.02:114][  0]LogD3D11RHI: D3D11 adapters:
[2019.01.19-01.19.02:184][  0]LogD3D11RHI:    0. 'NVIDIA GeForce GTX 1060' (Feature Level 11_0)
[2019.01.19-01.19.02:184][  0]LogD3D11RHI:       6052/0/8135 MB DedicatedVideo/DedicatedSystem/SharedSystem, Outputs:1, VendorId:0x10de
[2019.01.19-01.19.02:194][  0]LogD3D11RHI:    1. 'Intel(R) HD Graphics 630' (Feature Level 11_0)
[2019.01.19-01.19.02:194][  0]LogD3D11RHI:       128/0/8135 MB DedicatedVideo/DedicatedSystem/SharedSystem, Outputs:1, VendorId:0x8086
[2019.01.19-01.19.02:196][  0]LogD3D11RHI:    2. 'Microsoft Basic Render Driver' (Feature Level 11_0)
[2019.01.19-01.19.02:196][  0]LogD3D11RHI:       0/0/8135 MB DedicatedVideo/DedicatedSystem/SharedSystem, Outputs:0, VendorId:0x1414
[2019.01.19-01.19.02:196][  0]LogD3D11RHI: Chosen D3D11 Adapter: 0
[2019.01.19-01.19.02:203][  0]LogD3D11RHI: Creating new Direct3DDevice
[2019.01.19-01.19.02:203][  0]LogD3D11RHI:     GPU DeviceId: 0x1c20 (for the marketing name, search the web for "GPU Device Id")
[2019.01.19-01.19.02:203][  0]LogWindows: EnumDisplayDevices:
[2019.01.19-01.19.02:203][  0]LogWindows:    0. 'Intel(R) HD Graphics 630' (P:0 D:1)
[2019.01.19-01.19.02:204][  0]LogWindows:    1. 'Intel(R) HD Graphics 630' (P:0 D:0)
[2019.01.19-01.19.02:204][  0]LogWindows:    2. 'Intel(R) HD Graphics 630' (P:0 D:0)
[2019.01.19-01.19.02:205][  0]LogWindows:    3. 'NVIDIA GeForce GTX 1060' (P:1 D:1)
[2019.01.19-01.19.02:205][  0]LogWindows:    4. 'NVIDIA GeForce GTX 1060' (P:0 D:0)
[2019.01.19-01.19.02:205][  0]LogWindows:    5. 'NVIDIA GeForce GTX 1060' (P:0 D:0)
[2019.01.19-01.19.02:206][  0]LogWindows:    6. 'NVIDIA GeForce GTX 1060' (P:0 D:0)
[2019.01.19-01.19.02:206][  0]LogWindows: DebugString: PrimaryIsNotTheChoosenAdapter PrimaryIsNotTheChoosenAdapter PrimaryIsNotTheChoosenAdapter FoundDriverCount:4 
[2019.01.19-01.19.02:206][  0]LogD3D11RHI:     Adapter Name: NVIDIA GeForce GTX 1060
[2019.01.19-01.19.02:206][  0]LogD3D11RHI:   Driver Version: 399.24 (internal:24.21.13.9924, unified:399.24)
[2019.01.19-01.19.02:206][  0]LogD3D11RHI:      Driver Date: 9-5-2018
[2019.01.19-01.19.02:206][  0]LogRHI: Texture pool is 4236 MB (70% of 6052 MB)
[2019.01.19-01.19.02:249][  0]LogD3D11RHI: Async texture creation enabled
[2019.01.19-01.19.02:273][  0]LogD3D11RHI: GPU Timing Frequency: 1000.000000 (Debug: 2 2)
[2019.01.19-01.19.02:322][  0]LogShaderCompilers: Guid format shader working directory is -5 characters bigger than the processId version (C:/Users/Andro/Documents/Unreal Projects/MyProject/Intermediate/Shaders/WorkingDirectory/17192/).
[2019.01.19-01.19.02:323][  0]LogShaderCompilers: Cleaned the shader compiler working directory 'C:/Users/Andro/AppData/Local/Temp/UnrealShaderWorkingDir/FB46E25C42B04442C4C1D5B5F8FEDFAC/'.
[2019.01.19-01.19.02:636][  0]LogTemp: Display: Loaded TP AllDesktopTargetPlatform
[2019.01.19-01.19.02:648][  0]LogTemp: Display: Loaded TP MacClientTargetPlatform
[2019.01.19-01.19.02:660][  0]LogTemp: Display: Loaded TP MacNoEditorTargetPlatform
[2019.01.19-01.19.02:673][  0]LogTemp: Display: Loaded TP MacServerTargetPlatform
[2019.01.19-01.19.02:685][  0]LogTemp: Display: Loaded TP MacTargetPlatform
[2019.01.19-01.19.02:698][  0]LogTemp: Display: Loaded TP WindowsClientTargetPlatform
[2019.01.19-01.19.02:712][  0]LogTemp: Display: Loaded TP WindowsNoEditorTargetPlatform
[2019.01.19-01.19.02:726][  0]LogTemp: Display: Loaded TP WindowsServerTargetPlatform
[2019.01.19-01.19.02:732][  0]LogTemp: Display: Loaded TP WindowsTargetPlatform
[2019.01.19-01.19.02:813][  0]LogTemp: Display: Loaded TP AndroidTargetPlatform
[2019.01.19-01.19.02:813][  0]LogTemp: Display: Loaded TP AndroidTargetPlatform
[2019.01.19-01.19.02:813][  0]LogTemp: Display: Loaded TP AndroidTargetPlatform
[2019.01.19-01.19.02:813][  0]LogTemp: Display: Loaded TP AndroidTargetPlatform
[2019.01.19-01.19.02:813][  0]LogTemp: Display: Loaded TP AndroidTargetPlatform
[2019.01.19-01.19.02:813][  0]LogTemp: Display: Loaded TP AndroidTargetPlatform
[2019.01.19-01.19.02:813][  0]LogTemp: Display: Loaded TP AndroidTargetPlatform
[2019.01.19-01.19.02:813][  0]LogTemp: Display: Loaded TP AndroidTargetPlatform
[2019.01.19-01.19.02:813][  0]LogTemp: Display: Loaded TP AndroidTargetPlatform
[2019.01.19-01.19.02:813][  0]LogTemp: Display: Loaded TP AndroidTargetPlatform
[2019.01.19-01.19.02:813][  0]LogTemp: Display: Loaded TP AndroidTargetPlatform
[2019.01.19-01.19.02:813][  0]LogTemp: Display: Loaded TP AndroidTargetPlatform
[2019.01.19-01.19.02:813][  0]LogTemp: Display: Loaded TP AndroidTargetPlatform
[2019.01.19-01.19.02:813][  0]LogTemp: Display: Loaded TP AndroidTargetPlatform
[2019.01.19-01.19.02:813][  0]LogTemp: Display: Loaded TP AndroidTargetPlatform
[2019.01.19-01.19.02:813][  0]LogTemp: Display: Loaded TP AndroidTargetPlatform
[2019.01.19-01.19.02:813][  0]LogTemp: Display: Loaded TP AndroidTargetPlatform
[2019.01.19-01.19.02:813][  0]LogTemp: Display: Loaded TP AndroidTargetPlatform
[2019.01.19-01.19.02:815][  0]LogTemp: Display: Loaded TP HTML5TargetPlatform
[2019.01.19-01.19.02:878][  0]LogTemp: Display: Loaded TP IOSTargetPlatform
[2019.01.19-01.19.02:878][  0]LogTemp: Display: Loaded TP IOSTargetPlatform
[2019.01.19-01.19.02:901][  0]LogTemp: Display: Loaded TP TVOSTargetPlatform
[2019.01.19-01.19.02:901][  0]LogTemp: Display: Loaded TP TVOSTargetPlatform
[2019.01.19-01.19.02:915][  0]LogTemp: Display: Loaded TP LinuxClientTargetPlatform
[2019.01.19-01.19.02:928][  0]LogTemp: Display: Loaded TP LinuxNoEditorTargetPlatform
[2019.01.19-01.19.02:941][  0]LogTemp: Display: Loaded TP LinuxServerTargetPlatform
[2019.01.19-01.19.02:955][  0]LogTemp: Display: Loaded TP LinuxTargetPlatform
[2019.01.19-01.19.02:965][  0]LogTemp: Display: Loaded TP LuminTargetPlatform
[2019.01.19-01.19.02:965][  0]LogTargetPlatformManager: Display: Building Assets For Windows
[2019.01.19-01.19.03:014][  0]LogXGEController: Cannot use XGE Controller as Incredibuild is not installed on this machine.
[2019.01.19-01.19.03:015][  0]LogShaderCompilers: Cannot use XGE Shader Compiler as Incredibuild is not installed on this machine.
[2019.01.19-01.19.03:015][  0]LogShaderCompilers: Display: Using Local Shader Compiler.
[2019.01.19-01.19.03:745][  0]LogDerivedDataCache: Display: Max Cache Size: 512 MB
[2019.01.19-01.19.03:815][  0]LogDerivedDataCache: Loaded boot cache 0.07s 87MB C:/Users/Andro/AppData/Local/UnrealEngine/4.20/DerivedDataCache/Boot.ddc.
[2019.01.19-01.19.03:816][  0]LogDerivedDataCache: Display: Loaded Boot cache: C:/Users/Andro/AppData/Local/UnrealEngine/4.20/DerivedDataCache/Boot.ddc
[2019.01.19-01.19.03:816][  0]LogDerivedDataCache: FDerivedDataBackendGraph:  Pak pak cache file C:/Users/Andro/Documents/Unreal Projects/MyProject/DerivedDataCache/DDC.ddp not found, will not use a pak cache.
[2019.01.19-01.19.03:816][  0]LogDerivedDataCache: Unable to find inner node Pak for hierarchical cache Hierarchy.
[2019.01.19-01.19.03:816][  0]LogDerivedDataCache: FDerivedDataBackendGraph:  CompressedPak pak cache file C:/Users/Andro/Documents/Unreal Projects/MyProject/DerivedDataCache/Compressed.ddp not found, will not use a pak cache.
[2019.01.19-01.19.03:816][  0]LogDerivedDataCache: Unable to find inner node CompressedPak for hierarchical cache Hierarchy.
[2019.01.19-01.19.03:829][  0]LogDerivedDataCache: Display: Pak cache opened for reading ../../../Engine/DerivedDataCache/Compressed.ddp.
[2019.01.19-01.19.03:841][  0]LogDerivedDataCache: Using Local data cache path C:/Users/Andro/AppData/Local/UnrealEngine/Common/DerivedDataCache: Writable
[2019.01.19-01.19.03:841][  0]LogDerivedDataCache: Shared data cache path not found in *engine.ini, will not use an Shared cache.
[2019.01.19-01.19.03:841][  0]LogDerivedDataCache: Unable to find inner node Shared for hierarchical cache Hierarchy.
[2019.01.19-01.19.03:859][  0]LogMaterial: Verifying Global Shaders for PCD3D_SM5
[2019.01.19-01.19.03:861][  0]LogSlate: Using FreeType 2.6.0
[2019.01.19-01.19.03:862][  0]LogSlate: SlateFontServices - WITH_FREETYPE: 1, WITH_HARFBUZZ: 1
[2019.01.19-01.19.03:948][  0]LogAssetRegistry: FAssetRegistry took 0.0262 seconds to start up
[2019.01.19-01.19.04:291][  0]LogInit: Selected Device Profile: [Windows]
[2019.01.19-01.19.04:444][  0]LogSimplygon: Simplygon DLL not present - disabling.
[2019.01.19-01.19.04:447][  0]LogMeshReduction: Using SimplygonSwarm for distributed automatic mesh merging
[2019.01.19-01.19.04:447][  0]LogMeshReduction: Using ProxyLODMeshReduction for automatic mesh merging
[2019.01.19-01.19.04:447][  0]LogMeshReduction: Using QuadricMeshReduction for automatic static mesh reduction
[2019.01.19-01.19.04:447][  0]LogMeshReduction: No automatic skeletal mesh reduction module available
[2019.01.19-01.19.04:466][  0]LogNetVersion: MyProject 1.0.0, NetCL: 4212847, EngineNetVer: 5, GameNetVer: 0 (Checksum: 1110078900)
[2019.01.19-01.19.04:999][  0]LogPackageLocalizationCache: Processed 11 localized package path(s) for 2 prioritized culture(s) in 0.103682 seconds
[2019.01.19-01.19.05:005][  0]LogUObjectArray: 38425 objects as part of root set at end of initial load.
[2019.01.19-01.19.05:005][  0]LogUObjectAllocator: 6690872 out of 0 bytes used by permanent object pool.
[2019.01.19-01.19.05:005][  0]LogUObjectArray: CloseDisregardForGC: 0/0 objects in disregard for GC pool
[2019.01.19-01.19.06:023][  0]LogTcpMessaging: Initializing TcpMessaging bridge
[2019.01.19-01.19.06:049][  0]LogUdpMessaging: Initializing bridge on interface 0.0.0.0:0 to multicast group 230.0.0.1:6666.
[2019.01.19-01.19.06:195][  0]SourceControl: Source control is disabled
[2019.01.19-01.19.06:195][  0]SourceControl: Source control is disabled
[2019.01.19-01.19.06:197][  0]SourceControl: Source control is disabled
[2019.01.19-01.19.06:198][  0]SourceControl: Source control is disabled
[2019.01.19-01.19.06:367][  0]LogAndroidPermission: UAndroidPermissionCallbackProxy::GetInstance
[2019.01.19-01.19.06:449][  0]LogOcInput: OculusInput pre-init called
[2019.01.19-01.19.06:511][  0]LogEngine: Initializing Engine...
[2019.01.19-01.19.06:512][  0]LogHMD: Failed to initialize OpenVR with code 110
[2019.01.19-01.19.06:513][  0]LogStats: UGameplayTagsManager::ConstructGameplayTagTree: ImportINI prefixes -  0.000 s
[2019.01.19-01.19.06:513][  0]LogStats: UGameplayTagsManager::ConstructGameplayTagTree: Construct from data asset -  0.000 s
[2019.01.19-01.19.06:513][  0]LogStats: UGameplayTagsManager::ConstructGameplayTagTree: ImportINI -  0.000 s
[2019.01.19-01.19.06:513][  0]LogStats: UGameplayTagsManager::ConstructGameplayTagTree: GameplayTagTreeChangedEvent.Broadcast -  0.000 s
[2019.01.19-01.19.06:755][  0]LogInit: Initializing FReadOnlyCVARCache
[2019.01.19-01.19.06:767][  0]LogAIModule: Creating AISystem for world Untitled
[2019.01.19-01.19.06:788][  0]LogInit: XAudio2 using 'Speakers (Realtek High Definition Audio)' : 6 channels at 48 kHz using 32 bits per sample (channel mask 0x3f)
[2019.01.19-01.19.06:858][  0]LogInit: FAudioDevice initialized.
[2019.01.19-01.19.06:858][  0]LogNetVersion: Set ProjectVersion to 1.0.0.0. Version Checksum will be recalculated on next use.
[2019.01.19-01.19.06:940][  0]LogDerivedDataCache: Saved boot cache 0.08s 87MB C:/Users/Andro/AppData/Local/UnrealEngine/4.20/DerivedDataCache/Boot.ddc.
[2019.01.19-01.19.06:954][  0]LogInit: Texture streaming: Enabled
[2019.01.19-01.19.06:969][  0]LogEngineSessionManager: EngineSessionManager initialized
[2019.01.19-01.19.06:985][  0]LogInit: Transaction tracking system initialized
[2019.01.19-01.19.07:001][  0]BlueprintLog: New page: Editor Load
[2019.01.19-01.19.07:237][  0]LocalizationService: Localization service is disabled
[2019.01.19-01.19.07:548][  0]LogCook: Display: Max memory allowance for cook 16384mb min free memory 0mb
[2019.01.19-01.19.07:548][  0]LogFileCache: Scanning file cache for directory 'C:/Users/Andro/Documents/Unreal Projects/MyProject/Content/' took 0.01s
[2019.01.19-01.19.07:548][  0]LogCook: Display: Mobile HDR setting 1
[2019.01.19-01.19.07:548][  0]LogGameplayTags: Display: UGameplayTagsManager::DoneAddingNativeTags. DelegateIsBound: 0
[2019.01.19-01.19.07:548][  0]LogStats: UGameplayTagsManager::ConstructGameplayTagTree: ImportINI prefixes -  0.000 s
[2019.01.19-01.19.07:548][  0]LogStats: UGameplayTagsManager::ConstructGameplayTagTree: Construct from data asset -  0.000 s
[2019.01.19-01.19.07:548][  0]LogStats: UGameplayTagsManager::ConstructGameplayTagTree: ImportINI -  0.000 s
[2019.01.19-01.19.07:548][  0]LogStats: UGameplayTagsManager::ConstructGameplayTagTree: GameplayTagTreeChangedEvent.Broadcast -  0.000 s
[2019.01.19-01.19.07:666][  0]SourceControl: Source control is disabled
[2019.01.19-01.19.07:666][  0]Cmd: MAP LOAD FILE="../../../Engine/Content/Maps/Templates/Template_Default.umap" TEMPLATE=1 SHOWPROGRESS=1 FEATURELEVEL=3
[2019.01.19-01.19.07:666][  0]LightingResults: New page: Lighting Build
[2019.01.19-01.19.07:668][  0]MapCheck: New page: Map Check
[2019.01.19-01.19.07:668][  0]LightingResults: New page: Lighting Build
[2019.01.19-01.19.07:892][  0]LogAIModule: Creating AISystem for world Untitled_1
[2019.01.19-01.19.07:901][  0]LogEditorServer: Finished looking for orphan Actors (0.000 secs)
[2019.01.19-01.19.07:926][  0]Cmd: MAP CHECKDEP NOCLEARLOG
[2019.01.19-01.19.07:987][  0]MapCheck: Map check complete: 0 Error(s), 0 Warning(s), took 60,594ms to complete.
[2019.01.19-01.19.07:987][  0]LogFileHelpers: Loading map 'Template_Default' took 0.322
[2019.01.19-01.19.08:528][  0]LogSlate: Updating window title bar state: overlay mode, drag disabled, window buttons hidden, title bar hidden
[2019.01.19-01.19.08:541][  0]LogSlate: Updating window title bar state: overlay mode, drag disabled, window buttons hidden, title bar hidden
[2019.01.19-01.19.08:547][  0]LogSlate: Updating window title bar state: overlay mode, drag disabled, window buttons hidden, title bar hidden
[2019.01.19-01.19.08:555][  0]LogSlate: Updating window title bar state: overlay mode, drag disabled, window buttons hidden, title bar hidden
[2019.01.19-01.19.08:591][  0]LogCollectionManager: Loaded 0 collections in 0.000682 seconds
[2019.01.19-01.19.08:718][  0]LogFileCache: Scanning file cache for directory 'C:/Users/Andro/Documents/Unreal Projects/MyProject/Saved/Collections/' took 0.01s
[2019.01.19-01.19.08:718][  0]LogFileCache: Scanning file cache for directory 'C:/Users/Andro/Documents/Unreal Projects/MyProject/Content/Developers/Andro/Collections/' took 0.01s
[2019.01.19-01.19.08:718][  0]LogFileCache: Scanning file cache for directory 'C:/Users/Andro/Documents/Unreal Projects/MyProject/Content/Collections/' took 0.01s
[2019.01.19-01.19.08:718][  0]LogCollectionManager: Rebuilt the GUID cache for 0 collections in 0.000001 seconds
[2019.01.19-01.19.08:729][  0]LogContentBrowser: Native class hierarchy populated in 0.0103 seconds. Added 2572 classes and 603 folders.
[2019.01.19-01.19.08:801][  0]LogContentBrowser: Native class hierarchy updated for 'WidgetCarousel' in 0.0003 seconds. Added 0 classes and 0 folders.
[2019.01.19-01.19.09:917][  0]LogContentBrowser: Native class hierarchy updated for 'AddContentDialog' in 0.0002 seconds. Added 0 classes and 0 folders.
[2019.01.19-01.19.09:973][  0]LogContentBrowser: Native class hierarchy updated for 'SceneOutliner' in 0.0002 seconds. Added 1 classes and 2 folders.
[2019.01.19-01.19.10:477][  0]LogSlate: Took 0.000294 seconds to synchronously load lazily loaded font '../../../Engine/Content/Slate/Fonts/Roboto-Regular.ttf' (155K)
[2019.01.19-01.19.10:480][  0]LogSlate: Took 0.000347 seconds to synchronously load lazily loaded font '../../../Engine/Content/Slate/Fonts/Roboto-Bold.ttf' (160K)
[2019.01.19-01.19.10:641][  0]LogSlate: Took 0.077781 seconds to synchronously load lazily loaded font '../../../Engine/Content/Editor/Slate/Fonts/FontAwesome.ttf' (139K)
[2019.01.19-01.19.10:940][  0]LogRenderer: Reallocating scene render targets to support 1208x576 Format 10 NumSamples 1 (Frame:1).
[2019.01.19-01.19.11:205][  0]LogContentBrowser: Native class hierarchy updated for 'HierarchicalLODOutliner' in 0.0003 seconds. Added 0 classes and 0 folders.
[2019.01.19-01.19.11:205][  0]LogLoad: (Engine Initialization) Total time: 12.13 seconds
[2019.01.19-01.19.11:205][  0]LogLoad: (Engine Initialization) Total Blueprint compile time: 0.00 seconds
[2019.01.19-01.19.11:224][  0]LogWindowsTextInputMethodSystem: Display: IME system now deactivated.
[2019.01.19-01.19.11:305][  0]LogContentStreaming: Texture pool size now 1000 MB
[2019.01.19-01.19.11:342][  1]LogAssetRegistry: Asset discovery search completed in 7.4163 seconds
[2019.01.19-01.19.11:344][  1]LogCollectionManager: Rebuilt the object cache for 0 collections in 0.000000 seconds (found 0 objects)
[2019.01.19-01.19.11:344][  1]LogCollectionManager: Fixed up redirectors for 0 collections in 0.000112 seconds (updated 0 objects)
[2019.01.19-02.04.18:566][414]LogEditorViewport: Clicking on Actor (LMB): StaticMeshActor (Floor)
[2019.01.19-02.04.44:527][906]LogSlate: FSceneViewport::OnFocusLost() reason 0
[2019.01.19-02.05.03:396][ 27]Cmd: BRUSH ADD SELECTNEWBRUSH
[2019.01.19-02.09.59:349][769]LogSlate: FSceneViewport::OnFocusLost() reason 0
[2019.01.19-02.10.17:588][825]LogEditorViewport: Clicking on Actor (LMB): StaticMeshActor (Floor)
[2019.01.19-02.10.19:005][907]Cmd: DELETE
[2019.01.19-02.10.19:005][907]Cmd: ACTOR DELETE
[2019.01.19-02.10.19:360][907]LogEditorActor: Deleted Actor: StaticMeshActor
[2019.01.19-02.10.19:404][907]LogEditorActor: Deleted 1 Actors (0.061 secs)
[2019.01.19-02.12.33:131][922]Cmd: EDIT COPY
[2019.01.19-02.12.33:831][964]Cmd: EDIT PASTE
[2019.01.19-02.12.40:415][332]LogSlate: FSceneViewport::OnFocusLost() reason 0
[2019.01.19-02.13.26:188][161]LogSlate: Took 0.000279 seconds to synchronously load lazily loaded font '../../../Engine/Content/Slate/Fonts/Roboto-Light.ttf' (167K)
[2019.01.19-02.13.35:377][188]Cmd: OBJ SAVEPACKAGE PACKAGE="/Temp/Untitled_1" FILE="C:/Users/Andro/Documents/Unreal Projects/MyProject/Saved/Autosaves/Temp/Untitled_1_Auto1.umap" SILENT=true AUTOSAVING=true KEEPDIRTY=false
[2019.01.19-02.13.35:471][188]LogSavePackage: Moving 'C:/Users/Andro/Documents/Unreal Projects/MyProject/Saved/Untitled_1_Auto1581DD80242B00DC0A1B9F1BE03EEAACC.tmp' to 'C:/Users/Andro/Documents/Unreal Projects/MyProject/Saved/Autosaves/Temp/Untitled_1_Auto1.umap'
[2019.01.19-02.13.35:502][188]LogFileHelpers: Editor autosave (incl. sublevels) for '/Temp/Untitled_1' took 0.253
[2019.01.19-02.13.35:502][188]LogFileHelpers: Editor autosave (incl. sublevels) for all levels took 0.253
[2019.01.19-02.22.39:387][808]LogInit: XAudio2 using 'HeadPhone/Digital Output (Realtek High Definition Audio)' : 6 channels at 48 kHz using 32 bits per sample (channel mask 0x3f)
[2019.01.19-02.59.14:223][349]LogAudio: Warning: Current Audio Device with ID {0.0.0.00000000}.{8c74413a-80af-41ef-9414-0cc97b6a0e09} was removed. Shutting down audio device.
[2019.01.19-02.59.14:224][349]LogInit: XAudio2 using 'Speakers (Realtek High Definition Audio)' : 6 channels at 48 kHz using 32 bits per sample (channel mask 0x3f)
[2019.01.19-03.21.23:464][302]LogSlate: FSceneViewport::OnFocusLost() reason 2
[2019.01.19-03.22.03:469][612]Cmd: EDIT COPY
[2019.01.19-03.22.04:472][668]Cmd: EDIT PASTE
[2019.01.19-03.22.08:036][873]Cmd: EDIT PASTE
[2019.01.19-03.22.12:900][160]Cmd: EDIT PASTE
[2019.01.19-03.22.21:406][656]LogSlate: FSceneViewport::OnFocusLost() reason 0
[2019.01.19-03.22.50:449][369]Cmd: EDIT COPY
[2019.01.19-03.22.51:083][407]Cmd: EDIT PASTE
[2019.01.19-03.23.02:997][113]Cmd: EDIT PASTE
[2019.01.19-03.23.08:220][421]LogEditorViewport: Clicking on Actor (LMB): BP_Sky_Sphere_C (Sky Sphere)
[2019.01.19-03.23.12:427][643]Cmd: EDIT PASTE
[2019.01.19-03.23.16:964][907]Cmd: EDIT PASTE
[2019.01.19-03.23.24:505][349]Cmd: EDIT PASTE
[2019.01.19-03.23.32:998][845]Cmd: EDIT COPY
[2019.01.19-03.23.33:554][878]Cmd: EDIT PASTE
[2019.01.19-03.23.36:599][ 55]LogEditorViewport: Clicking on Actor (LMB): Brush (Box Brush11)
[2019.01.19-03.23.39:933][251]Cmd: EDIT PASTE
[2019.01.19-03.23.46:805][654]Cmd: EDIT COPY
[2019.01.19-03.23.47:355][687]Cmd: EDIT PASTE
[2019.01.19-03.24.25:619][969]LogSlate: FSceneViewport::OnFocusLost() reason 2
[2019.01.19-03.24.26:019][969]Cmd: OBJ SAVEPACKAGE PACKAGE="/Temp/Untitled_1" FILE="C:/Users/Andro/Documents/Unreal Projects/MyProject/Saved/Autosaves/Temp/Untitled_1_Auto2.umap" SILENT=true AUTOSAVING=true KEEPDIRTY=false
[2019.01.19-03.24.26:140][969]LogSavePackage: Moving 'C:/Users/Andro/Documents/Unreal Projects/MyProject/Saved/Untitled_1_Auto23036910E4296D27FA1CFD284FEBE7724.tmp' to 'C:/Users/Andro/Documents/Unreal Projects/MyProject/Saved/Autosaves/Temp/Untitled_1_Auto2.umap'
[2019.01.19-03.24.26:144][969]LogFileHelpers: Editor autosave (incl. sublevels) for '/Temp/Untitled_1' took 0.500
[2019.01.19-03.24.26:144][969]LogFileHelpers: Editor autosave (incl. sublevels) for all levels took 0.500
[2019.01.19-03.26.04:561][711]LogSlate: FSceneViewport::OnFocusLost() reason 2
[2019.01.19-03.26.06:229][801]LogEditorViewport: Clicking on Actor (LMB): BP_Sky_Sphere_C (Sky Sphere)
[2019.01.19-03.26.08:541][935]LogEditorViewport: Clicking on Actor (LMB): BP_Sky_Sphere_C (Sky Sphere)
[2019.01.19-03.26.10:204][ 31]LogSlate: FSceneViewport::OnFocusLost() reason 0
[2019.01.19-03.26.14:003][236]Cmd: BRUSH ADD SELECTNEWBRUSH
[2019.01.19-03.26.18:573][500]LogSlate: FSceneViewport::OnFocusLost() reason 0
[2019.01.19-03.26.41:912][883]LogSlate: FSceneViewport::OnFocusLost() reason 0
[2019.01.19-03.26.53:548][169]LogSlate: Window 'Save Level As' being destroyed
[2019.01.19-03.26.53:786][169]Cmd: OBJ SAVEPACKAGE PACKAGE="/Game/dqwqwdqdw" FILE="C:/Users/Andro/Documents/Unreal Projects/MyProject/Content/dqwqwdqdw.umap" SILENT=true AUTOSAVING=false KEEPDIRTY=false
[2019.01.19-03.26.53:960][169]LogSavePackage: Moving 'C:/Users/Andro/Documents/Unreal Projects/MyProject/Saved/dqwqwdqdw83AF541249A34BE7F8947387B2A3C0F6.tmp' to 'C:/Users/Andro/Documents/Unreal Projects/MyProject/Content/dqwqwdqdw.umap'
[2019.01.19-03.26.54:011][169]Cmd: OBJ SAVEPACKAGE PACKAGE="/Game/dqwqwdqdw_BuiltData" FILE="C:/Users/Andro/Documents/Unreal Projects/MyProject/Content/dqwqwdqdw_BuiltData.uasset" SILENT=true
[2019.01.19-03.26.54:111][169]LogSavePackage: Moving 'C:/Users/Andro/Documents/Unreal Projects/MyProject/Saved/dqwqwdqdw_BuiltDataE0662C3C49289A024CF3C18C038AEB02.tmp' to 'C:/Users/Andro/Documents/Unreal Projects/MyProject/Content/dqwqwdqdw_BuiltData.uasset'
[2019.01.19-03.26.54:121][169]LogFileHelpers: Saving map 'dqwqwdqdw' took 0.433
[2019.01.19-03.26.54:242][172]LogSlate: Took 0.000343 seconds to synchronously load lazily loaded font '../../../Engine/Content/Slate/Fonts/Roboto-Light.ttf' (167K)
[2019.01.19-03.27.28:590][196]LogSlate: FSceneViewport::OnFocusLost() reason 0
[2019.01.19-03.27.39:825][861]LogSlate: FSceneViewport::OnFocusLost() reason 0
[2019.01.19-03.27.53:064][647]LogSlate: FSceneViewport::OnFocusLost() reason 0
[2019.01.19-03.27.56:250][832]Cmd: BRUSH ADD SELECTNEWBRUSH
[2019.01.19-03.28.13:381][833]LogSlate: FSceneViewport::OnFocusLost() reason 0
[2019.01.19-03.28.43:624][571]LogEditorViewport: Clicking on Actor (LMB): BP_Sky_Sphere_C (Sky Sphere)
[2019.01.19-03.28.44:240][606]LogEditorViewport: Clicking on Actor (LMB): BP_Sky_Sphere_C (Sky Sphere)
[2019.01.19-03.28.47:149][777]LogEditorViewport: Clicking on Actor (LMB): BP_Sky_Sphere_C (Sky Sphere)
[2019.01.19-03.29.42:387][758]LogSlate: FSceneViewport::OnFocusLost() reason 2
[2019.01.19-03.29.48:301][ 84]LogSlate: FSceneViewport::OnFocusLost() reason 0
[2019.01.19-03.29.54:956][478]LogEditorViewport: Clicking on Actor (LMB): BP_Sky_Sphere_C (Sky Sphere)
[2019.01.19-03.29.55:569][513]LogEditorViewport: Clicking on Actor (LMB): BP_Sky_Sphere_C (Sky Sphere)
[2019.01.19-03.29.56:892][591]LogEditorViewport: Clicking on Actor (LMB): BP_Sky_Sphere_C (Sky Sphere)
[2019.01.19-03.29.57:603][633]LogEditorViewport: Clicking on Actor (LMB): BP_Sky_Sphere_C (Sky Sphere)
[2019.01.19-03.29.58:155][665]LogEditorViewport: Clicking on Actor (LMB): BP_Sky_Sphere_C (Sky Sphere)
[2019.01.19-03.29.58:587][690]LogEditorViewport: Clicking on Actor (LMB): BP_Sky_Sphere_C (Sky Sphere)
[2019.01.19-03.29.58:980][713]LogEditorViewport: Clicking on Actor (LMB): BP_Sky_Sphere_C (Sky Sphere)
[2019.01.19-03.29.59:406][738]LogEditorViewport: Clicking on Actor (LMB): BP_Sky_Sphere_C (Sky Sphere)
[2019.01.19-03.29.59:816][762]LogEditorViewport: Clicking on Actor (LMB): BP_Sky_Sphere_C (Sky Sphere)
[2019.01.19-03.30.00:244][787]LogEditorViewport: Clicking on Actor (LMB): BP_Sky_Sphere_C (Sky Sphere)
[2019.01.19-03.30.03:455][971]LogSlate: FSceneViewport::OnFocusLost() reason 0
[2019.01.19-03.30.07:072][181]LogSlate: FSceneViewport::OnFocusLost() reason 0
[2019.01.19-03.30.25:986][293]LogEditorViewport: Clicking on Actor (LMB): BP_Sky_Sphere_C (Sky Sphere)
[2019.01.19-03.30.26:618][329]LogEditorViewport: Clicking on Actor (LMB): BP_Sky_Sphere_C (Sky Sphere)
[2019.01.19-03.30.27:245][366]LogEditorViewport: Clicking on Actor (LMB): BP_Sky_Sphere_C (Sky Sphere)
[2019.01.19-03.30.27:655][390]LogEditorViewport: Clicking on Actor (LMB): BP_Sky_Sphere_C (Sky Sphere)
[2019.01.19-03.30.28:270][425]LogEditorViewport: Clicking on Actor (LMB): BP_Sky_Sphere_C (Sky Sphere)
[2019.01.19-03.30.41:628][211]Cmd: EDIT COPY
[2019.01.19-03.30.42:636][271]Cmd: EDIT PASTE
[2019.01.19-03.30.46:877][518]Cmd: EDIT PASTE
[2019.01.19-03.30.51:859][808]Cmd: TRANSACTION UNDO
[2019.01.19-03.30.51:859][808]LogEditorTransaction: Undo Move Actors
[2019.01.19-03.30.52:277][808]LogActorComponent: ~FComponentReregisterContext: (/Game/dqwqwdqdw.dqwqwdqdw:PersistentLevel.BoxBrush5.BrushComponent0) Component already registered.
[2019.01.19-03.30.52:288][808]LogActorComponent: ~FComponentReregisterContext: (/Game/dqwqwdqdw.dqwqwdqdw:PersistentLevel.BoxBrush9.BrushComponent0) Component already registered.
[2019.01.19-03.30.52:401][811]Cmd: TRANSACTION UNDO
[2019.01.19-03.30.52:401][811]LogEditorTransaction: Undo Move Actors
[2019.01.19-03.30.52:413][811]LogActorComponent: ~FComponentReregisterContext: (/Game/dqwqwdqdw.dqwqwdqdw:PersistentLevel.BoxBrush5.BrushComponent0) Component already registered.
[2019.01.19-03.30.52:415][811]LogActorComponent: ~FComponentReregisterContext: (/Game/dqwqwdqdw.dqwqwdqdw:PersistentLevel.BoxBrush9.BrushComponent0) Component already registered.
[2019.01.19-03.30.53:959][902]Cmd: TRANSACTION UNDO
[2019.01.19-03.30.53:959][902]LogEditorTransaction: Undo Paste
[2019.01.19-03.30.53:976][902]LogActorComponent: ~FComponentReregisterContext: (/Game/dqwqwdqdw.dqwqwdqdw:PersistentLevel.BoxBrush11.BrushComponent0) Component already registered.
[2019.01.19-03.30.53:976][902]LogActorComponent: ~FComponentReregisterContext: (/Game/dqwqwdqdw.dqwqwdqdw:PersistentLevel.CylinderBrush.BrushComponent0) Component already registered.
[2019.01.19-03.31.16:966][248]LogSlate: FSceneViewport::OnFocusLost() reason 0
[2019.01.19-03.31.21:309][466]LogEditorViewport: Clicking on Actor (LMB): BP_Sky_Sphere_C (Sky Sphere)
[2019.01.19-03.31.23:784][608]LogSlate: FSceneViewport::OnFocusLost() reason 0
[2019.01.19-03.31.38:024][344]LogEditorViewport: Clicking on Actor (LMB): BP_Sky_Sphere_C (Sky Sphere)
[2019.01.19-03.31.50:767][ 97]LogSlate: FSceneViewport::OnFocusLost() reason 0
[2019.01.19-03.31.54:193][299]LogEditorViewport: Clicking on Actor (LMB): BP_Sky_Sphere_C (Sky Sphere)
[2019.01.19-03.31.55:466][369]LogSlate: FSceneViewport::OnFocusLost() reason 2
[2019.01.19-03.31.56:962][457]LogSlate: FSceneViewport::OnFocusLost() reason 2
[2019.01.19-03.31.57:035][457]Cmd: OBJ SAVEPACKAGE PACKAGE="/Game/dqwqwdqdw" FILE="C:/Users/Andro/Documents/Unreal Projects/MyProject/Content/dqwqwdqdw.umap" SILENT=true AUTOSAVING=false KEEPDIRTY=false
[2019.01.19-03.31.57:181][457]LogSavePackage: Moving 'C:/Users/Andro/Documents/Unreal Projects/MyProject/Saved/dqwqwdqdwE0F876A4431A6D33D10E4BA9FC5B733A.tmp' to 'C:/Users/Andro/Documents/Unreal Projects/MyProject/Content/dqwqwdqdw.umap'
[2019.01.19-03.31.57:205][457]LogFileHelpers: Saving map 'dqwqwdqdw' took 0.238
[2019.01.19-03.32.38:591][927]LogSlate: FSceneViewport::OnFocusLost() reason 0
[2019.01.19-03.32.39:006][932]Cmd: POLY TEXMULT UU=-0.000000 VV=-0.000000 UV=-1.000000 VU=1.000000
[2019.01.19-03.32.40:615][ 28]Cmd: POLY TEXMULT UU=0.707107 VV=0.707107 UV=-0.707107 VU=0.707107
[2019.01.19-03.32.59:341][111]LogSlate: FSceneViewport::OnFocusLost() reason 2
[2019.01.19-03.33.06:842][533]Cmd: ACTOR MIRROR Z=-1
[2019.01.19-03.33.09:417][685]Cmd: TRANSACTION UNDO
[2019.01.19-03.33.09:417][685]LogEditorTransaction: Undo Mirroring Actors
[2019.01.19-03.33.09:430][685]LogActorComponent: ~FComponentReregisterContext: (/Game/dqwqwdqdw.dqwqwdqdw:PersistentLevel.BoxBrush6.BrushComponent0) Component already registered.
[2019.01.19-03.33.10:747][760]LogSlate: FSceneViewport::OnFocusLost() reason 0
[2019.01.19-03.33.16:877][111]Cmd: ACTOR MIRROR X=-1
[2019.01.19-03.33.20:973][350]Cmd: ACTOR MIRROR Y=-1
[2019.01.19-03.33.24:491][549]Cmd: ACTOR MIRROR X=-1
[2019.01.19-03.33.45:859][818]Cmd: TRANSACTION UNDO
[2019.01.19-03.33.45:859][818]LogEditorTransaction: Undo Move Actors
[2019.01.19-03.33.45:871][818]LogActorComponent: ~FComponentReregisterContext: (/Game/dqwqwdqdw.dqwqwdqdw:PersistentLevel.BoxBrush3.BrushComponent0) Component already registered.
[2019.01.19-03.33.45:873][818]LogActorComponent: ~FComponentReregisterContext: (/Game/dqwqwdqdw.dqwqwdqdw:PersistentLevel.BoxBrush7.BrushComponent0) Component already registered.
[2019.01.19-03.33.45:873][818]LogActorComponent: ~FComponentReregisterContext: (/Game/dqwqwdqdw.dqwqwdqdw:PersistentLevel.BoxBrush10.BrushComponent0) Component already registered.
[2019.01.19-03.34.04:937][945]LogSlate: FSceneViewport::OnFocusLost() reason 0
[2019.01.19-03.34.10:700][286]LogEditorViewport: Clicking on Actor (LMB): BP_Sky_Sphere_C (Sky Sphere)
[2019.01.19-03.34.11:513][333]LogEditorViewport: Clicking on Actor (LMB): BP_Sky_Sphere_C (Sky Sphere)
[2019.01.19-03.34.12:177][372]LogEditorViewport: Clicking on Actor (LMB): BP_Sky_Sphere_C (Sky Sphere)
[2019.01.19-03.34.29:985][428]LogSlate: FSceneViewport::OnFocusLost() reason 0
[2019.01.19-03.34.42:495][165]LogSlate: FSceneViewport::OnFocusLost() reason 0
[2019.01.19-03.34.47:751][474]LogSlate: FSceneViewport::OnFocusLost() reason 0
[2019.01.19-03.35.10:735][852]LogEditorViewport: Clicking on Actor (LMB): BP_Sky_Sphere_C (Sky Sphere)
[2019.01.19-03.35.11:258][881]LogEditorViewport: Clicking on Actor (LMB): BP_Sky_Sphere_C (Sky Sphere)
[2019.01.19-03.35.12:110][931]LogEditorViewport: Clicking on Actor (LMB): BP_Sky_Sphere_C (Sky Sphere)
[2019.01.19-03.35.13:436][  8]LogSlate: FSceneViewport::OnFocusLost() reason 0
[2019.01.19-03.35.27:058][815]LogEditorViewport: Clicking on Actor (LMB): BP_Sky_Sphere_C (Sky Sphere)
[2019.01.19-03.35.28:145][878]LogEditorViewport: Clicking on Actor (LMB): BP_Sky_Sphere_C (Sky Sphere)
[2019.01.19-03.35.28:828][918]LogEditorViewport: Clicking on Actor (LMB): BP_Sky_Sphere_C (Sky Sphere)
[2019.01.19-03.35.29:461][955]LogEditorViewport: Clicking on Actor (LMB): BP_Sky_Sphere_C (Sky Sphere)
[2019.01.19-03.35.33:809][214]LogSlate: FSceneViewport::OnFocusLost() reason 0
[2019.01.19-03.35.44:494][843]LogSlate: FSceneViewport::OnFocusLost() reason 0
[2019.01.19-03.35.52:845][337]LogSlate: FSceneViewport::OnFocusLost() reason 0
[2019.01.19-03.35.58:166][651]LogSlate: FSceneViewport::OnFocusLost() reason 0
[2019.01.19-03.36.17:232][772]Cmd: TRANSACTION UNDO
[2019.01.19-03.36.17:232][772]LogEditorTransaction: Undo Move Actors
[2019.01.19-03.36.17:243][772]LogActorComponent: ~FComponentReregisterContext: (/Game/dqwqwdqdw.dqwqwdqdw:PersistentLevel.BoxBrush3.BrushComponent0) Component already registered.
[2019.01.19-03.36.17:246][772]LogActorComponent: ~FComponentReregisterContext: (/Game/dqwqwdqdw.dqwqwdqdw:PersistentLevel.BoxBrush7.BrushComponent0) Component already registered.
[2019.01.19-03.36.17:246][772]LogActorComponent: ~FComponentReregisterContext: (/Game/dqwqwdqdw.dqwqwdqdw:PersistentLevel.BoxBrush10.BrushComponent0) Component already registered.
[2019.01.19-03.36.47:322][171]LogSlate: FSceneViewport::OnFocusLost() reason 2
[2019.01.19-03.37.02:843][ 82]Cmd: EDIT COPY
[2019.01.19-03.37.03:800][139]Cmd: EDIT PASTE
[2019.01.19-03.37.08:605][421]LogSlate: FSceneViewport::OnFocusLost() reason 0
[2019.01.19-03.37.15:945][856]LogEditorViewport: Clicking on Actor (LMB): BP_Sky_Sphere_C (Sky Sphere)
[2019.01.19-03.37.30:075][512]LogSlate: FSceneViewport::OnFocusLost() reason 2
[2019.01.19-03.37.35:313][799]Cmd: TRANSACTION UNDO
[2019.01.19-03.37.35:313][799]LogEditorTransaction: Undo Move Actors
[2019.01.19-03.37.35:329][799]LogActorComponent: ~FComponentReregisterContext: (/Game/dqwqwdqdw.dqwqwdqdw:PersistentLevel.BoxBrush4.BrushComponent0) Component already registered.
[2019.01.19-03.38.04:928][ 62]LogSlate: FSceneViewport::OnFocusLost() reason 2
[2019.01.19-03.38.08:915][286]LogSlate: FSceneViewport::OnFocusLost() reason 0
[2019.01.19-03.38.10:438][376]LogEditorViewport: Clicking on Actor (LMB): BP_Sky_Sphere_C (Sky Sphere)
[2019.01.19-03.38.11:309][426]LogSlate: FSceneViewport::OnFocusLost() reason 0
[2019.01.19-03.39.26:534][193]LogEditorViewport: Clicking on Actor (LMB): BP_Sky_Sphere_C (Sky Sphere)
[2019.01.19-03.39.28:015][279]LogSlate: FSceneViewport::OnFocusLost() reason 0
[2019.01.19-03.39.42:509][138]Cmd: EDIT COPY
[2019.01.19-03.39.43:392][191]Cmd: EDIT PASTE
[2019.01.19-03.39.52:022][696]LogEditorViewport: Clicking on Actor (LMB): BP_Sky_Sphere_C (Sky Sphere)
[2019.01.19-03.39.53:576][785]LogSlate: FSceneViewport::OnFocusLost() reason 0
[2019.01.19-03.39.59:946][163]LogSlate: FSceneViewport::OnFocusLost() reason 0
[2019.01.19-03.40.23:746][545]LogEditorViewport: Clicking on Actor (LMB): BP_Sky_Sphere_C (Sky Sphere)
[2019.01.19-03.40.32:474][ 61]Cmd: EDIT COPY
[2019.01.19-03.40.33:727][135]Cmd: EDIT PASTE
[2019.01.19-03.40.47:424][942]LogSlate: FSceneViewport::OnFocusLost() reason 0
[2019.01.19-03.40.54:480][359]LogEditorViewport: Clicking on Actor (LMB): BP_Sky_Sphere_C (Sky Sphere)
[2019.01.19-03.41.10:073][284]LogSlate: FSceneViewport::OnFocusLost() reason 0
[2019.01.19-03.41.37:201][892]Cmd: EDIT COPY
[2019.01.19-03.41.37:981][937]Cmd: EDIT PASTE
[2019.01.19-03.41.48:508][545]Cmd: EDIT COPY
[2019.01.19-03.41.49:149][583]Cmd: EDIT PASTE
[2019.01.19-03.42.00:883][262]LogSlate: FSceneViewport::OnFocusLost() reason 2
[2019.01.19-03.42.05:540][540]Cmd: ACTOR MIRROR Y=-1
[2019.01.19-03.42.30:338][988]Cmd: EDIT COPY
[2019.01.19-03.42.31:138][ 36]Cmd: EDIT PASTE
[2019.01.19-03.43.06:112][118]LogSlate: FSceneViewport::OnFocusLost() reason 2
[2019.01.19-03.43.07:536][200]LogSlate: FSceneViewport::OnFocusLost() reason 2
[2019.01.19-03.43.07:617][200]Cmd: OBJ SAVEPACKAGE PACKAGE="/Game/dqwqwdqdw" FILE="C:/Users/Andro/Documents/Unreal Projects/MyProject/Content/dqwqwdqdw.umap" SILENT=true AUTOSAVING=false KEEPDIRTY=false
[2019.01.19-03.43.07:861][200]LogSavePackage: Moving 'C:/Users/Andro/Documents/Unreal Projects/MyProject/Saved/dqwqwdqdwE5C50A2E48C2C72938434A90BCF3CABE.tmp' to 'C:/Users/Andro/Documents/Unreal Projects/MyProject/Content/dqwqwdqdw.umap'
[2019.01.19-03.43.07:884][200]LogFileHelpers: Saving map 'dqwqwdqdw' took 0.340
[2019.01.19-03.43.08:933][261]LogSlate: FSceneViewport::OnFocusLost() reason 2
[2019.01.19-03.43.10:024][326]LogSlate: FSceneViewport::OnFocusLost() reason 2
[2019.01.19-03.43.20:061][326]LogSlate: Window 'Save Level As' being destroyed
[2019.01.19-03.43.20:145][326]LogSlate: FSceneViewport::OnFocusLost() reason 2
[2019.01.19-03.43.20:573][326]LogAIModule: Creating AISystem for world newmoment
[2019.01.19-03.43.20:581][326]Cmd: OBJ SAVEPACKAGE PACKAGE="/Game/newmoment" FILE="C:/Users/Andro/Documents/Unreal Projects/MyProject/Content/newmoment.umap" SILENT=true AUTOSAVING=false KEEPDIRTY=false
[2019.01.19-03.43.20:740][326]LogSavePackage: Moving 'C:/Users/Andro/Documents/Unreal Projects/MyProject/Saved/newmoment1A0D8E94483C0C2DE0112F8BF1FE01ED.tmp' to 'C:/Users/Andro/Documents/Unreal Projects/MyProject/Content/newmoment.umap'
[2019.01.19-03.43.20:749][326]Cmd: OBJ SAVEPACKAGE PACKAGE="/Game/newmoment_BuiltData" FILE="C:/Users/Andro/Documents/Unreal Projects/MyProject/Content/newmoment_BuiltData.uasset" SILENT=true
[2019.01.19-03.43.20:766][326]LogSavePackage: Moving 'C:/Users/Andro/Documents/Unreal Projects/MyProject/Saved/newmoment_BuiltData22A10C23436BC1C26C0AB1A8D93FEFE0.tmp' to 'C:/Users/Andro/Documents/Unreal Projects/MyProject/Content/newmoment_BuiltData.uasset'
[2019.01.19-03.43.20:776][326]LogFileHelpers: Saving map 'newmoment' took 0.705
[2019.01.19-03.43.20:780][326]Cmd: MAP LOAD FILE="C:/Users/Andro/Documents/Unreal Projects/MyProject/Content/newmoment.umap" TEMPLATE=0 SHOWPROGRESS=1 FEATURELEVEL=3
[2019.01.19-03.43.20:789][326]LogSlate: FSceneViewport::OnFocusLost() reason 2
[2019.01.19-03.43.20:796][326]LightingResults: New page: Lighting Build
[2019.01.19-03.43.20:797][326]LoadErrors: New page: Loading map: newmoment.umap
[2019.01.19-03.43.20:800][326]MapCheck: New page: Map Check
[2019.01.19-03.43.20:800][326]LightingResults: New page: Lighting Build
[2019.01.19-03.43.20:853][326]LogEditorServer: Finished looking for orphan Actors (0.000 secs)
[2019.01.19-03.43.20:901][326]Cmd: MAP CHECKDEP NOCLEARLOG
[2019.01.19-03.43.20:966][326]MapCheck: Map check complete: 0 Error(s), 0 Warning(s), took 65,06ms to complete.
[2019.01.19-03.43.20:966][326]LogFileHelpers: Loading map 'newmoment' took 0.191
[2019.01.19-03.43.24:410][528]LogSlate: FSceneViewport::OnFocusLost() reason 2
[2019.01.19-03.47.31:431][343]Cmd: EDIT COPY
[2019.01.19-03.47.38:545][762]Cmd: EDIT COPY
[2019.01.19-03.47.39:177][800]Cmd: EDIT PASTE
[2019.01.19-03.48.29:620][759]LogSlate: FSceneViewport::OnFocusLost() reason 0
[2019.01.19-03.48.52:569][127]Cmd: TRANSACTION UNDO
[2019.01.19-03.48.52:569][127]LogEditorTransaction: Undo Edit Y
[2019.01.19-03.48.52:585][127]LogActorComponent: ~FComponentReregisterContext: (/Game/newmoment.newmoment:PersistentLevel.BoxBrush.BrushComponent0) Component already registered.
[2019.01.19-03.49.04:586][830]LogSlate: FSceneViewport::OnFocusLost() reason 0
[2019.01.19-03.49.12:648][303]LogSlate: FSceneViewport::OnFocusLost() reason 0
[2019.01.19-03.49.34:313][572]LogEditorViewport: Clicking on Actor (LMB): Brush (Box Brush25)
[2019.01.19-03.49.35:113][618]LogEditorViewport: Clicking on Actor (LMB): Brush (Box Brush25)
[2019.01.19-03.49.40:020][904]Cmd: TRANSACTION UNDO
[2019.01.19-03.49.40:020][904]LogEditorTransaction: Undo Move Actors
[2019.01.19-03.49.40:040][904]LogActorComponent: ~FComponentReregisterContext: (/Game/newmoment.newmoment:PersistentLevel.BoxBrush15.BrushComponent0) Component already registered.
[2019.01.19-03.49.41:806][  5]LogEditorViewport: Clicking on Actor (LMB): Brush (Box Brush25)
[2019.01.19-03.49.42:451][ 42]LogEditorViewport: Clicking on Actor (LMB): BP_Sky_Sphere_C (Sky Sphere)
[2019.01.19-03.50.03:412][279]Cmd: DELETE
[2019.01.19-03.50.03:412][279]Cmd: ACTOR DELETE
[2019.01.19-03.50.03:418][279]LogEditorActor: Deleted Actor: Brush
[2019.01.19-03.50.03:468][279]LogEditorActor: Deleted 1 Actors (0.056 secs)
[2019.01.19-03.50.04:920][363]Cmd: DELETE
[2019.01.19-03.50.04:920][363]Cmd: ACTOR DELETE
[2019.01.19-03.50.04:925][363]LogEditorActor: Deleted Actor: Brush
[2019.01.19-03.50.04:968][363]LogEditorActor: Deleted 1 Actors (0.048 secs)
[2019.01.19-03.50.06:715][465]Cmd: EDIT COPY
[2019.01.19-03.50.07:349][503]Cmd: EDIT PASTE
[2019.01.19-03.50.11:532][745]Cmd: EDIT PASTE
[2019.01.19-03.50.18:445][149]Cmd: EDIT PASTE
[2019.01.19-03.50.22:901][407]Cmd: EDIT PASTE
[2019.01.19-03.50.30:318][842]LogEditorViewport: Clicking on Actor (LMB): BP_Sky_Sphere_C (Sky Sphere)
[2019.01.19-03.50.45:688][736]LogEditorViewport: Clicking on Actor (LMB): BP_Sky_Sphere_C (Sky Sphere)
[2019.01.19-03.50.48:620][904]LogSlate: FSceneViewport::OnFocusLost() reason 0
[2019.01.19-03.51.00:037][581]Cmd: EDIT COPY
[2019.01.19-03.51.04:146][818]Cmd: OBJ SAVEPACKAGE PACKAGE="/Game/newmoment" FILE="C:/Users/Andro/Documents/Unreal Projects/MyProject/Content/newmoment.umap" SILENT=true AUTOSAVING=false KEEPDIRTY=false
[2019.01.19-03.51.04:330][818]LogSavePackage: Moving 'C:/Users/Andro/Documents/Unreal Projects/MyProject/Saved/newmoment2B8AB46D4D2EA1622F87828744F1AC61.tmp' to 'C:/Users/Andro/Documents/Unreal Projects/MyProject/Content/newmoment.umap'
[2019.01.19-03.51.04:352][818]LogFileHelpers: Saving map 'newmoment' took 0.272
[2019.01.19-03.51.05:684][897]Cmd: EDIT PASTE
[2019.01.19-03.52.29:646][891]Cmd: EDIT COPY
[2019.01.19-03.52.30:513][942]Cmd: EDIT PASTE
[2019.01.19-03.52.34:490][158]LogSlate: FSceneViewport::OnFocusLost() reason 2
[2019.01.19-03.52.44:137][728]Cmd: ACTOR MIRROR X=-1
[2019.01.19-03.53.11:497][345]Cmd: EDIT COPY
[2019.01.19-03.53.12:383][398]Cmd: EDIT PASTE
[2019.01.19-03.53.15:916][599]LogSlate: FSceneViewport::OnFocusLost() reason 0
[2019.01.19-03.53.45:263][330]Cmd: EDIT COPY
[2019.01.19-03.53.46:047][377]Cmd: EDIT PASTE
[2019.01.19-03.54.05:499][510]LogSlate: FSceneViewport::OnFocusLost() reason 0
[2019.01.19-03.55.04:819][  2]LogEditorViewport: Clicking on Actor (LMB): BP_Sky_Sphere_C (Sky Sphere)
[2019.01.19-03.55.21:173][958]LogSlate: FSceneViewport::OnFocusLost() reason 0
[2019.01.19-03.55.43:157][259]Cmd: TRANSACTION UNDO
[2019.01.19-03.55.43:157][259]LogEditorTransaction: Undo Move Actors
[2019.01.19-03.55.45:920][423]Cmd: TRANSACTION UNDO
[2019.01.19-03.55.45:920][423]LogEditorTransaction: Undo Move Actors
[2019.01.19-03.55.47:038][487]Cmd: TRANSACTION UNDO
[2019.01.19-03.55.47:038][487]LogEditorTransaction: Undo Move Actors
[2019.01.19-03.55.55:792][  6]LogEditorViewport: Clicking on Actor (double click): BP_Sky_Sphere_C (Sky Sphere)
[2019.01.19-03.56.00:441][278]LogSlate: FSceneViewport::OnFocusLost() reason 0
[2019.01.19-03.56.07:688][712]LogEditorViewport: Clicking on Actor (LMB): BP_Sky_Sphere_C (Sky Sphere)
[2019.01.19-03.56.13:484][ 46]LogEditorViewport: Clicking on Actor (LMB): BP_Sky_Sphere_C (Sky Sphere)
[2019.01.19-03.56.32:928][210]LogEditorViewport: Clicking on Actor (LMB): BP_Sky_Sphere_C (Sky Sphere)
[2019.01.19-03.56.37:915][502]Cmd: EDIT COPY
[2019.01.19-03.56.42:621][756]Cmd: EDIT PASTE
[2019.01.19-04.00.11:747][282]LogEditorViewport: Clicking on Actor (context menu): Brush (Box Brush18)
[2019.01.19-04.00.11:803][282]LogSlate: FSceneViewport::OnFocusLost() reason 2
[2019.01.19-04.00.15:822][514]Cmd: ACTOR MIRROR Y=-1
[2019.01.19-04.00.17:996][635]LogSlate: FSceneViewport::OnFocusLost() reason 2
[2019.01.19-04.00.21:723][852]LogEditorViewport: Clicking on Actor (LMB): BP_Sky_Sphere_C (Sky Sphere)
[2019.01.19-04.00.23:240][940]Cmd: TRANSACTION UNDO
[2019.01.19-04.00.23:240][940]LogEditorTransaction: Undo Clicking on Actors
[2019.01.19-04.00.24:142][990]Cmd: TRANSACTION UNDO
[2019.01.19-04.00.24:142][990]LogEditorTransaction: Undo Select Surfaces
[2019.01.19-04.00.25:322][ 57]Cmd: TRANSACTION UNDO
[2019.01.19-04.00.25:322][ 57]LogEditorTransaction: Undo Select Brush Surface
[2019.01.19-04.00.27:580][191]Cmd: TRANSACTION UNDO
[2019.01.19-04.00.27:580][191]LogEditorTransaction: Undo Mirroring Actors
[2019.01.19-04.00.29:592][308]LogEditorViewport: Clicking on Actor (context menu): BP_Sky_Sphere_C (Sky Sphere)
[2019.01.19-04.00.29:648][308]LogSlate: FSceneViewport::OnFocusLost() reason 2
[2019.01.19-04.00.31:192][393]LogSlate: FSceneViewport::OnFocusLost() reason 2
[2019.01.19-04.00.34:878][611]Cmd: ACTOR MIRROR X=-1
[2019.01.19-04.00.38:434][816]Cmd: EDIT COPY
[2019.01.19-04.00.39:097][856]Cmd: EDIT PASTE
[2019.01.19-04.00.43:592][112]LogSlate: FSceneViewport::OnFocusLost() reason 0
[2019.01.19-04.01.12:057][758]LogSlate: FSceneViewport::OnFocusLost() reason 2
[2019.01.19-04.01.13:419][836]LogSlate: FSceneViewport::OnFocusLost() reason 2
[2019.01.19-04.01.13:502][836]Cmd: OBJ SAVEPACKAGE PACKAGE="/Game/newmoment" FILE="C:/Users/Andro/Documents/Unreal Projects/MyProject/Content/newmoment.umap" SILENT=true AUTOSAVING=false KEEPDIRTY=false
[2019.01.19-04.01.13:744][836]LogSavePackage: Moving 'C:/Users/Andro/Documents/Unreal Projects/MyProject/Saved/newmoment63E97BA74D50C3FF56FC38B680758B04.tmp' to 'C:/Users/Andro/Documents/Unreal Projects/MyProject/Content/newmoment.umap'
[2019.01.19-04.01.13:768][836]LogFileHelpers: Saving map 'newmoment' took 0.336
[2019.01.19-04.02.08:146][ 93]LogSlate: FSceneViewport::OnFocusLost() reason 2
[2019.01.19-10.56.41:861][796]LogEditorViewport: Clicking on Actor (LMB): BP_Sky_Sphere_C (Sky Sphere)
[2019.01.19-10.56.43:664][898]LogEditorViewport: Clicking on Actor (LMB): BP_Sky_Sphere_C (Sky Sphere)
[2019.01.19-10.56.45:945][ 28]LogSlate: FSceneViewport::OnFocusLost() reason 2
[2019.01.19-10.56.49:037][211]LogSlate: FSceneViewport::OnFocusLost() reason 2
[2019.01.19-10.57.01:178][925]LogEditorViewport: Clicking on Actor (LMB): BP_Sky_Sphere_C (Sky Sphere)
[2019.01.19-10.57.06:412][208]Cmd: TRANSACTION UNDO
[2019.01.19-10.57.06:412][208]LogEditorTransaction: Undo Rotate Actors
[2019.01.19-10.57.06:442][208]LogActorComponent: ~FComponentReregisterContext: (/Game/newmoment.newmoment:PersistentLevel.BoxBrush4.BrushComponent0) Component already registered.
[2019.01.19-10.57.06:443][208]LogActorComponent: ~FComponentReregisterContext: (/Game/newmoment.newmoment:PersistentLevel.BoxBrush37.BrushComponent0) Component already registered.
[2019.01.19-10.57.47:889][831]Cmd: EDIT COPY
[2019.01.19-10.57.48:512][868]Cmd: EDIT PASTE
[2019.01.19-10.58.23:807][929]LogEditorViewport: Clicking on Actor (LMB): BP_Sky_Sphere_C (Sky Sphere)
[2019.01.19-10.58.33:295][473]LogEditorViewport: Clicking on Actor (LMB): BP_Sky_Sphere_C (Sky Sphere)
[2019.01.19-10.58.34:517][544]LogEditorViewport: Clicking on Actor (LMB): BP_Sky_Sphere_C (Sky Sphere)
[2019.01.19-10.58.36:317][647]LogEditorViewport: Clicking on Actor (LMB): BP_Sky_Sphere_C (Sky Sphere)
[2019.01.19-10.58.38:104][751]LogEditorViewport: Clicking on Actor (LMB): BP_Sky_Sphere_C (Sky Sphere)
[2019.01.19-10.58.40:797][910]LogEditorViewport: Clicking on Actor (LMB): BP_Sky_Sphere_C (Sky Sphere)
[2019.01.19-10.58.46:310][231]LogSlate: FSceneViewport::OnFocusLost() reason 0
[2019.01.19-10.59.09:243][566]LogSlate: FSceneViewport::OnFocusLost() reason 0
[2019.01.19-10.59.28:640][718]Cmd: EDIT COPY
[2019.01.19-10.59.29:438][765]Cmd: EDIT PASTE
[2019.01.19-11.00.10:562][834]Cmd: OBJ SAVEPACKAGE PACKAGE="/Game/newmoment" FILE="C:/Users/Andro/Documents/Unreal Projects/MyProject/Saved/Autosaves/Game/newmoment_Auto3.umap" SILENT=true AUTOSAVING=true KEEPDIRTY=false
[2019.01.19-11.00.10:745][834]LogSavePackage: Moving 'C:/Users/Andro/Documents/Unreal Projects/MyProject/Saved/newmoment_Auto3E79598524FB394107AE09EAA1B4DCB08.tmp' to 'C:/Users/Andro/Documents/Unreal Projects/MyProject/Saved/Autosaves/Game/newmoment_Auto3.umap'
[2019.01.19-11.00.10:749][834]LogFileHelpers: Editor autosave (incl. sublevels) for '/Game/newmoment' took 0.210
[2019.01.19-11.00.10:749][834]LogFileHelpers: Editor autosave (incl. sublevels) for all levels took 0.210
[2019.01.19-11.00.38:086][242]Cmd: EDIT PASTE
[2019.01.19-11.00.42:809][512]Cmd: EDIT PASTE
[2019.01.19-11.00.52:818][ 95]Cmd: EDIT PASTE
[2019.01.19-11.01.09:461][636]Cmd: EDIT PASTE
[2019.01.19-11.01.20:910][302]Cmd: EDIT PASTE
[2019.01.19-11.01.25:471][557]Cmd: EDIT PASTE
[2019.01.19-11.01.38:228][302]Cmd: EDIT PASTE
[2019.01.19-11.01.42:687][550]Cmd: EDIT PASTE
[2019.01.19-11.01.48:974][906]Cmd: EDIT PASTE
[2019.01.19-11.01.54:736][229]Cmd: EDIT PASTE
[2019.01.19-11.01.56:971][350]Cmd: TRANSACTION UNDO
[2019.01.19-11.01.56:971][350]LogEditorTransaction: Undo Paste
[2019.01.19-11.01.57:031][350]LogActorComponent: ~FComponentReregisterContext: (/Game/newmoment.newmoment:PersistentLevel.BoxBrush50.BrushComponent0) Component already registered.
[2019.01.19-11.01.57:033][350]LogActorComponent: ~FComponentReregisterContext: (/Game/newmoment.newmoment:PersistentLevel.BoxBrush5.BrushComponent0) Component already registered.
[2019.01.19-11.01.57:041][350]LogActorComponent: ~FComponentReregisterContext: (/Game/newmoment.newmoment:PersistentLevel.BoxBrush88.BrushComponent0) Component already registered.
[2019.01.19-11.01.57:043][350]LogActorComponent: ~FComponentReregisterContext: (/Game/newmoment.newmoment:PersistentLevel.BoxBrush99.BrushComponent0) Component already registered.
[2019.01.19-11.01.57:591][379]Cmd: TRANSACTION UNDO
[2019.01.19-11.01.57:591][379]LogEditorTransaction: Undo Move Actors
[2019.01.19-11.01.57:642][379]LogActorComponent: ~FComponentReregisterContext: (/Game/newmoment.newmoment:PersistentLevel.BoxBrush24_4.BrushComponent0) Component already registered.
[2019.01.19-11.01.57:643][379]LogActorComponent: ~FComponentReregisterContext: (/Game/newmoment.newmoment:PersistentLevel.BoxBrush39.BrushComponent0) Component already registered.
[2019.01.19-11.01.57:652][379]LogActorComponent: ~FComponentReregisterContext: (/Game/newmoment.newmoment:PersistentLevel.BoxBrush93.BrushComponent0) Component already registered.
[2019.01.19-11.01.57:654][379]LogActorComponent: ~FComponentReregisterContext: (/Game/newmoment.newmoment:PersistentLevel.BoxBrush52.BrushComponent0) Component already registered.
[2019.01.19-11.01.57:655][379]LogActorComponent: ~FComponentReregisterContext: (/Game/newmoment.newmoment:PersistentLevel.BoxBrush67.BrushComponent0) Component already registered.
[2019.01.19-11.02.02:910][680]Cmd: EDIT PASTE
[2019.01.19-11.02.07:153][912]Cmd: EDIT PASTE
[2019.01.19-11.02.43:425][ 58]Cmd: EDIT PASTE
[2019.01.19-11.02.50:671][463]LogSlate: FSceneViewport::OnFocusLost() reason 0
[2019.01.19-11.02.58:673][910]Cmd: TRANSACTION UNDO
[2019.01.19-11.02.58:673][910]LogEditorTransaction: Undo Set Rotation
[2019.01.19-11.02.58:772][910]LogActorComponent: ~FComponentReregisterContext: (/Game/newmoment.newmoment:PersistentLevel.BoxBrush107.BrushComponent0) Component already registered.
[2019.01.19-11.02.58:773][910]LogActorComponent: ~FComponentReregisterContext: (/Game/newmoment.newmoment:PersistentLevel.BoxBrush117.BrushComponent0) Component already registered.
[2019.01.19-11.02.58:773][910]LogActorComponent: ~FComponentReregisterContext: (/Game/newmoment.newmoment:PersistentLevel.BoxBrush32.BrushComponent0) Component already registered.
[2019.01.19-11.02.58:782][910]LogActorComponent: ~FComponentReregisterContext: (/Game/newmoment.newmoment:PersistentLevel.BoxBrush15.BrushComponent0) Component already registered.
[2019.01.19-11.02.58:783][910]LogActorComponent: ~FComponentReregisterContext: (/Game/newmoment.newmoment:PersistentLevel.BoxBrush73.BrushComponent0) Component already registered.
[2019.01.19-11.02.58:785][910]LogActorComponent: ~FComponentReregisterContext: (/Game/newmoment.newmoment:PersistentLevel.BoxBrush56.BrushComponent0) Component already registered.
[2019.01.19-11.03.02:262][110]LogEditorViewport: Clicking on Actor (context menu): Brush (Box Brush128)
[2019.01.19-11.03.02:310][110]LogSlate: FSceneViewport::OnFocusLost() reason 2
[2019.01.19-11.03.10:057][567]LogEditorViewport: Clicking on Actor (LMB): BP_Sky_Sphere_C (Sky Sphere)
[2019.01.19-11.03.13:362][758]Cmd: TRANSACTION UNDO
[2019.01.19-11.03.13:363][758]LogEditorTransaction: Undo Select Brush Surface
[2019.01.19-11.03.13:826][782]Cmd: TRANSACTION UNDO
[2019.01.19-11.03.13:826][782]LogEditorTransaction: Undo Clicking on Actors
[2019.01.19-11.03.14:301][809]Cmd: TRANSACTION UNDO
[2019.01.19-11.03.14:301][809]LogEditorTransaction: Undo Clicking on Actors (context menu)
[2019.01.19-11.03.16:127][917]Cmd: TRANSACTION UNDO
[2019.01.19-11.03.16:127][917]LogEditorTransaction: Undo Move Actors
[2019.01.19-11.03.16:189][917]LogActorComponent: ~FComponentReregisterContext: (/Game/newmoment.newmoment:PersistentLevel.BoxBrush31.BrushComponent0) Component already registered.
[2019.01.19-11.03.16:191][917]LogActorComponent: ~FComponentReregisterContext: (/Game/newmoment.newmoment:PersistentLevel.BoxBrush50.BrushComponent0) Component already registered.
[2019.01.19-11.03.16:192][917]LogActorComponent: ~FComponentReregisterContext: (/Game/newmoment.newmoment:PersistentLevel.BoxBrush10.BrushComponent0) Component already registered.
[2019.01.19-11.03.16:202][917]LogActorComponent: ~FComponentReregisterContext: (/Game/newmoment.newmoment:PersistentLevel.BoxBrush72.BrushComponent0) Component already registered.
[2019.01.19-11.03.16:204][917]LogActorComponent: ~FComponentReregisterContext: (/Game/newmoment.newmoment:PersistentLevel.BoxBrush85.BrushComponent0) Component already registered.
[2019.01.19-11.03.16:741][947]Cmd: TRANSACTION UNDO
[2019.01.19-11.03.16:741][947]LogEditorTransaction: Undo Paste
[2019.01.19-11.03.16:806][947]LogActorComponent: ~FComponentReregisterContext: (/Game/newmoment.newmoment:PersistentLevel.BoxBrush51.BrushComponent0) Component already registered.
[2019.01.19-11.03.16:807][947]LogActorComponent: ~FComponentReregisterContext: (/Game/newmoment.newmoment:PersistentLevel.BoxBrush18_23.BrushComponent0) Component already registered.
[2019.01.19-11.03.16:807][947]LogActorComponent: ~FComponentReregisterContext: (/Game/newmoment.newmoment:PersistentLevel.BoxBrush57.BrushComponent0) Component already registered.
[2019.01.19-11.03.16:817][947]LogActorComponent: ~FComponentReregisterContext: (/Game/newmoment.newmoment:PersistentLevel.BoxBrush30.BrushComponent0) Component already registered.
[2019.01.19-11.03.27:396][566]Cmd: EDIT COPY
[2019.01.19-11.03.29:362][684]Cmd: EDIT PASTE
[2019.01.19-11.03.53:952][123]LogSlate: FSceneViewport::OnFocusLost() reason 0
[2019.01.19-11.04.12:737][201]LogEditorViewport: Clicking on Actor (LMB): BP_Sky_Sphere_C (Sky Sphere)
[2019.01.19-11.04.20:428][653]Cmd: EDIT COPY
[2019.01.19-11.04.20:995][687]Cmd: EDIT PASTE
[2019.01.19-11.04.28:952][134]Cmd: EDIT COPY
[2019.01.19-11.04.29:653][176]Cmd: EDIT PASTE
[2019.01.19-11.04.37:513][614]LogSlate: FSceneViewport::OnFocusLost() reason 0
[2019.01.19-11.04.42:841][923]Cmd: EDIT PASTE
[2019.01.19-11.04.44:571][ 14]Cmd: TRANSACTION UNDO
[2019.01.19-11.04.44:571][ 14]LogEditorTransaction: Undo Paste
[2019.01.19-11.04.44:640][ 14]LogActorComponent: ~FComponentReregisterContext: (/Game/newmoment.newmoment:PersistentLevel.BoxBrush44.BrushComponent0) Component already registered.
[2019.01.19-11.04.44:643][ 14]LogActorComponent: ~FComponentReregisterContext: (/Game/newmoment.newmoment:PersistentLevel.CylinderBrush2.BrushComponent0) Component already registered.
[2019.01.19-11.04.44:651][ 14]LogActorComponent: ~FComponentReregisterContext: (/Game/newmoment.newmoment:PersistentLevel.BoxBrush108.BrushComponent0) Component already registered.
[2019.01.19-11.04.45:534][ 64]Cmd: EDIT COPY
[2019.01.19-11.04.46:037][ 94]Cmd: EDIT PASTE
[2019.01.19-11.04.51:364][389]Cmd: EDIT PASTE
[2019.01.19-11.04.55:790][632]Cmd: EDIT PASTE
[2019.01.19-11.05.05:891][206]LogSlate: FSceneViewport::OnFocusLost() reason 0
[2019.01.19-11.05.16:114][813]Cmd: EDIT COPY
[2019.01.19-11.05.16:737][849]Cmd: EDIT PASTE
[2019.01.19-11.05.23:568][231]Cmd: EDIT PASTE
[2019.01.19-11.05.29:599][566]Cmd: EDIT PASTE
[2019.01.19-11.05.36:582][958]Cmd: EDIT PASTE
[2019.01.19-11.05.44:703][415]Cmd: EDIT PASTE
[2019.01.19-11.05.54:291][960]Cmd: EDIT PASTE
[2019.01.19-11.06.00:153][282]Cmd: EDIT PASTE
[2019.01.19-11.06.04:388][507]Cmd: EDIT PASTE
[2019.01.19-11.06.11:847][923]Cmd: EDIT PASTE
[2019.01.19-11.06.14:230][ 47]Cmd: TRANSACTION UNDO
[2019.01.19-11.06.14:230][ 47]LogEditorTransaction: Undo Paste
[2019.01.19-11.06.14:314][ 47]LogActorComponent: ~FComponentReregisterContext: (/Game/newmoment.newmoment:PersistentLevel.BoxBrush72.BrushComponent0) Component already registered.
[2019.01.19-11.06.14:314][ 47]LogActorComponent: ~FComponentReregisterContext: (/Game/newmoment.newmoment:PersistentLevel.BoxBrush81.BrushComponent0) Component already registered.
[2019.01.19-11.06.14:315][ 47]LogActorComponent: ~FComponentReregisterContext: (/Game/newmoment.newmoment:PersistentLevel.BoxBrush56.BrushComponent0) Component already registered.
[2019.01.19-11.06.14:316][ 47]LogActorComponent: ~FComponentReregisterContext: (/Game/newmoment.newmoment:PersistentLevel.BoxBrush106.BrushComponent0) Component already registered.
[2019.01.19-11.06.14:318][ 47]LogActorComponent: ~FComponentReregisterContext: (/Game/newmoment.newmoment:PersistentLevel.BoxBrush95.BrushComponent0) Component already registered.
[2019.01.19-11.06.14:318][ 47]LogActorComponent: ~FComponentReregisterContext: (/Game/newmoment.newmoment:PersistentLevel.BoxBrush94.BrushComponent0) Component already registered.
[2019.01.19-11.06.14:319][ 47]LogActorComponent: ~FComponentReregisterContext: (/Game/newmoment.newmoment:PersistentLevel.BoxBrush12.BrushComponent0) Component already registered.
[2019.01.19-11.06.14:319][ 47]LogActorComponent: ~FComponentReregisterContext: (/Game/newmoment.newmoment:PersistentLevel.CylinderBrush.BrushComponent0) Component already registered.
[2019.01.19-11.06.14:327][ 47]LogActorComponent: ~FComponentReregisterContext: (/Game/newmoment.newmoment:PersistentLevel.BoxBrush3.BrushComponent0) Component already registered.
[2019.01.19-11.06.14:327][ 47]LogActorComponent: ~FComponentReregisterContext: (/Game/newmoment.newmoment:PersistentLevel.BoxBrush2.BrushComponent0) Component already registered.
[2019.01.19-11.06.14:327][ 47]LogActorComponent: ~FComponentReregisterContext: (/Game/newmoment.newmoment:PersistentLevel.BoxBrush37.BrushComponent0) Component already registered.
[2019.01.19-11.06.14:328][ 47]LogActorComponent: ~FComponentReregisterContext: (/Game/newmoment.newmoment:PersistentLevel.BoxBrush49.BrushComponent0) Component already registered.
[2019.01.19-11.06.14:328][ 47]LogActorComponent: ~FComponentReregisterContext: (/Game/newmoment.newmoment:PersistentLevel.BoxBrush48.BrushComponent0) Component already registered.
[2019.01.19-11.06.14:329][ 47]LogActorComponent: ~FComponentReregisterContext: (/Game/newmoment.newmoment:PersistentLevel.BoxBrush27.BrushComponent0) Component already registered.
[2019.01.19-11.06.14:329][ 47]LogActorComponent: ~FComponentReregisterContext: (/Game/newmoment.newmoment:PersistentLevel.BoxBrush26.BrushComponent0) Component already registered.
[2019.01.19-11.06.14:329][ 47]LogActorComponent: ~FComponentReregisterContext: (/Game/newmoment.newmoment:PersistentLevel.BoxBrush34.BrushComponent0) Component already registered.
[2019.01.19-11.06.14:330][ 47]LogActorComponent: ~FComponentReregisterContext: (/Game/newmoment.newmoment:PersistentLevel.BoxBrush141.BrushComponent0) Component already registered.
[2019.01.19-11.06.14:330][ 47]LogActorComponent: ~FComponentReregisterContext: (/Game/newmoment.newmoment:PersistentLevel.BoxBrush140.BrushComponent0) Component already registered.
[2019.01.19-11.06.14:331][ 47]LogActorComponent: ~FComponentReregisterContext: (/Game/newmoment.newmoment:PersistentLevel.BoxBrush148.BrushComponent0) Component already registered.
[2019.01.19-11.06.14:331][ 47]LogActorComponent: ~FComponentReregisterContext: (/Game/newmoment.newmoment:PersistentLevel.BoxBrush117.BrushComponent0) Component already registered.
[2019.01.19-11.06.14:331][ 47]LogActorComponent: ~FComponentReregisterContext: (/Game/newmoment.newmoment:PersistentLevel.BoxBrush125.BrushComponent0) Component already registered.
[2019.01.19-11.06.14:332][ 47]LogActorComponent: ~FComponentReregisterContext: (/Game/newmoment.newmoment:PersistentLevel.BoxBrush127.BrushComponent0) Component already registered.
[2019.01.19-11.06.14:332][ 47]LogActorComponent: ~FComponentReregisterContext: (/Game/newmoment.newmoment:PersistentLevel.BoxBrush150.BrushComponent0) Component already registered.
[2019.01.19-11.06.14:332][ 47]LogActorComponent: ~FComponentReregisterContext: (/Game/newmoment.newmoment:PersistentLevel.BoxBrush175.BrushComponent0) Component already registered.
[2019.01.19-11.06.14:333][ 47]LogActorComponent: ~FComponentReregisterContext: (/Game/newmoment.newmoment:PersistentLevel.BoxBrush177.BrushComponent0) Component already registered.
[2019.01.19-11.06.14:333][ 47]LogActorComponent: ~FComponentReregisterContext: (/Game/newmoment.newmoment:PersistentLevel.BoxBrush152.BrushComponent0) Component already registered.
[2019.01.19-11.06.14:334][ 47]LogActorComponent: ~FComponentReregisterContext: (/Game/newmoment.newmoment:PersistentLevel.BoxBrush166.BrushComponent0) Component already registered.
[2019.01.19-11.06.14:334][ 47]LogActorComponent: ~FComponentReregisterContext: (/Game/newmoment.newmoment:PersistentLevel.BoxBrush165.BrushComponent0) Component already registered.
[2019.01.19-11.06.17:732][233]Cmd: EDIT PASTE
[2019.01.19-11.06.22:642][495]Cmd: EDIT PASTE
[2019.01.19-11.06.27:089][729]Cmd: EDIT PASTE
[2019.01.19-11.06.32:770][ 37]Cmd: EDIT PASTE
[2019.01.19-11.06.39:654][416]Cmd: EDIT PASTE
[2019.01.19-11.06.44:382][664]LogEditorViewport: Clicking on Actor (LMB): BP_Sky_Sphere_C (Sky Sphere)
[2019.01.19-11.06.59:368][554]LogEditorViewport: Clicking on Actor (LMB): BP_Sky_Sphere_C (Sky Sphere)
[2019.01.19-11.07.02:518][739]LogSlate: FSceneViewport::OnFocusLost() reason 0
[2019.01.19-11.07.04:970][876]Cmd: OBJ SAVEPACKAGE PACKAGE="/Game/newmoment" FILE="C:/Users/Andro/Documents/Unreal Projects/MyProject/Content/newmoment.umap" SILENT=true AUTOSAVING=false KEEPDIRTY=false
[2019.01.19-11.07.05:512][876]LogSavePackage: Moving 'C:/Users/Andro/Documents/Unreal Projects/MyProject/Saved/newmomentCA831E8E4A520FE67E27C2AC4FC7D493.tmp' to 'C:/Users/Andro/Documents/Unreal Projects/MyProject/Content/newmoment.umap'
[2019.01.19-11.07.05:543][876]LogFileHelpers: Saving map 'newmoment' took 0.638
[2019.01.19-11.08.17:200][575]Cmd: BRUSH ADD SELECTNEWBRUSH
[2019.01.19-11.08.19:362][698]LogSlate: FSceneViewport::OnFocusLost() reason 0
[2019.01.19-11.08.40:637][903]LogSlate: FSceneViewport::OnFocusLost() reason 0
[2019.01.19-11.08.56:279][792]LogSlate: FSceneViewport::OnFocusLost() reason 0
[2019.01.19-11.09.07:267][419]LogSlate: FSceneViewport::OnFocusLost() reason 0
[2019.01.19-11.09.16:461][926]LogSlate: FSceneViewport::OnFocusLost() reason 0
[2019.01.19-11.09.37:007][ 87]LogSlate: FSceneViewport::OnFocusLost() reason 0
[2019.01.19-11.10.01:083][477]LogSlate: FSceneViewport::OnFocusLost() reason 0
[2019.01.19-11.10.20:977][617]LogSlate: FSceneViewport::OnFocusLost() reason 0
[2019.01.19-11.10.35:414][438]LogSlate: FSceneViewport::OnFocusLost() reason 0
[2019.01.19-11.12.21:200][730]LogSlate: FSceneViewport::OnFocusLost() reason 0
[2019.01.19-11.12.29:100][172]LogSlate: FSceneViewport::OnFocusLost() reason 0
[2019.01.19-11.12.36:443][580]LogSlate: FSceneViewport::OnFocusLost() reason 0
[2019.01.19-11.12.47:773][226]LogEditorViewport: Clicking on Actor (LMB): BP_Sky_Sphere_C (Sky Sphere)
[2019.01.19-11.12.54:934][630]LogEditorViewport: Clicking on Actor (LMB): BP_Sky_Sphere_C (Sky Sphere)
[2019.01.19-11.13.19:549][ 58]LogSlate: FSceneViewport::OnFocusLost() reason 2
[2019.01.19-11.13.32:589][815]LogEditorViewport: Clicking on Actor (LMB): BP_Sky_Sphere_C (Sky Sphere)
[2019.01.19-11.13.34:502][925]LogSlate: FSceneViewport::OnFocusLost() reason 2
[2019.01.19-11.13.36:178][ 22]LogSlate: FSceneViewport::OnFocusLost() reason 2
[2019.01.19-11.13.36:258][ 22]Cmd: OBJ SAVEPACKAGE PACKAGE="/Game/newmoment" FILE="C:/Users/Andro/Documents/Unreal Projects/MyProject/Content/newmoment.umap" SILENT=true AUTOSAVING=false KEEPDIRTY=false
[2019.01.19-11.13.36:804][ 22]LogSavePackage: Moving 'C:/Users/Andro/Documents/Unreal Projects/MyProject/Saved/newmoment3162BED14485230A1C5433B7008AC8F1.tmp' to 'C:/Users/Andro/Documents/Unreal Projects/MyProject/Content/newmoment.umap'
[2019.01.19-11.13.36:843][ 22]LogFileHelpers: Saving map 'newmoment' took 0.653
[2019.01.19-11.15.28:583][496]LogSlate: FSceneViewport::OnFocusLost() reason 2
[2019.01.19-11.15.31:502][670]LogSlate: FSceneViewport::OnFocusLost() reason 2
[2019.01.19-11.15.47:996][670]LogSlate: Window 'Save Level As' being destroyed
[2019.01.19-11.15.52:483][935]LogSlate: FSceneViewport::OnFocusLost() reason 2
[2019.01.19-11.16.00:625][418]LogSlate: FSceneViewport::OnFocusLost() reason 2
[2019.01.19-11.16.05:573][418]LogSlate: Window 'Save Level As' being destroyed
[2019.01.19-11.16.57:547][947]LogSlate: FSceneViewport::OnFocusLost() reason 2
[2019.01.19-11.17.03:325][289]LogSlate: FSceneViewport::OnFocusLost() reason 0
[2019.01.19-11.17.03:458][296]Cmd: OBJ SAVEPACKAGE PACKAGE="/Game/newmoment" FILE="C:/Users/Andro/Documents/Unreal Projects/MyProject/Content/newmoment.umap" SILENT=true AUTOSAVING=false KEEPDIRTY=false
[2019.01.19-11.17.03:880][296]LogSavePackage: Moving 'C:/Users/Andro/Documents/Unreal Projects/MyProject/Saved/newmomentDEA2206948E3F7BC354DAD99C78B3080.tmp' to 'C:/Users/Andro/Documents/Unreal Projects/MyProject/Content/newmoment.umap'
[2019.01.19-11.17.03:894][296]Cmd: OBJ SAVEPACKAGE PACKAGE="/Game/newmoment_BuiltData" FILE="C:/Users/Andro/Documents/Unreal Projects/MyProject/Content/newmoment_BuiltData.uasset" SILENT=true
[2019.01.19-11.17.03:922][296]LogSavePackage: Moving 'C:/Users/Andro/Documents/Unreal Projects/MyProject/Saved/newmoment_BuiltData062CC71F4583C3ED1B0E22B41536D0F6.tmp' to 'C:/Users/Andro/Documents/Unreal Projects/MyProject/Content/newmoment_BuiltData.uasset'
[2019.01.19-11.17.04:970][356]LogSlate: FSceneViewport::OnFocusLost() reason 0
[2019.01.19-11.17.05:144][362]MapCheck: New page: Map Check
[2019.01.19-11.17.05:217][362]Cmd: MAP REBUILD ALLVISIBLE
[2019.01.19-11.17.05:218][362]LogEditorServer: Rebuildmap Clear paths rebuilt
[2019.01.19-11.17.05:981][362]LogMaterial: Display: Missing cached shader map for material FDebugViewModeMaterialProxy MaterialInstanceDynamic_0, compiling. 
[2019.01.19-11.17.06:181][362]LogShaderCompilers: Display: Shaders left to compile 1
[2019.01.19-11.17.06:181][362]LogMaterial: Display: Missing cached shader map for material FDebugViewModeMaterialProxy WorldGridMaterial, compiling. Is special engine material.
[2019.01.19-11.17.08:960][362]LogShaderCompilers: Display: Shaders left to compile 1
[2019.01.19-11.17.08:960][362]TextureStreamingBuild: Display: Compiling optional shaders took 3.050 seconds.
[2019.01.19-11.17.09:054][362]LogLevel: Display: Export Material TexCoord Scales took 0.094 seconds.
[2019.01.19-11.17.09:188][362]TextureStreamingBuild: Display: Build Texture Streaming took 0.110 seconds.
[2019.01.19-11.17.09:296][362]LightingResults: New page: Lighting Build - 18/gen/2019 21:17:09
[2019.01.19-11.17.09:504][362]LogSwarmInterface: [OpenConnection] Registering TCP channel ...
[2019.01.19-11.17.09:817][362]LogSwarmInterface: [OpenConnection] Connecting to agent ...
[2019.01.19-11.17.09:833][362]LogSwarmInterface: [TryOpenConnection] Testing the Agent
[2019.01.19-11.17.10:849][362]LogSwarmInterface: [TryOpenConnection] Opening Connection to Agent
[2019.01.19-11.17.10:849][362]LogSwarmInterface: [TryOpenConnection] Local Process ID is 17192
[2019.01.19-11.17.15:380][362]LogStaticLightingSystem: Warning: No importance volume found, so the scene bounding box was used.  You can optimize your scene's quality and lighting build times by adding importance volumes.
[2019.01.19-11.17.15:382][362]LogStaticLightingSystem: Running Lightmass w/ ImmediateImport mode ENABLED
[2019.01.19-11.17.15:382][362]LogStaticLightingSystem: Running Lightmass w/ ImmediateProcess mode ENABLED
[2019.01.19-11.17.15:382][362]LogStaticLightingSystem: Running Lightmass w/ Sorting mode ENABLED
[2019.01.19-11.17.15:382][362]LogStaticLightingSystem: Running Lightmass w/ Mapping paddings ENABLED
[2019.01.19-11.17.15:382][362]LogStaticLightingSystem: Running Lightmass w/ Mapping debug paddings DISABLED
[2019.01.19-11.17.15:697][362]Cmd: MAP CHECK DONTDISPLAYDIALOG
[2019.01.19-11.17.15:697][362]MapCheck: New page: newmoment - 18/gen/2019 21:17:15
[2019.01.19-11.17.15:785][362]MapCheck: Map check complete: 0 Error(s), 0 Warning(s), took 88,894ms to complete.
[2019.01.19-11.17.15:810][362]LogEditorBuildUtils: Build time 0:10
[2019.01.19-11.17.15:827][362]LogMaterial: Display: Missing cached shader map for material FLightmassMaterialRenderer MaterialInstanceDynamic_0, compiling. 
[2019.01.19-11.17.15:858][362]LogShaderCompilers: Display: Shaders left to compile 2
[2019.01.19-11.17.15:858][362]LogMaterial: Display: Missing cached shader map for material FLightmassMaterialRenderer MaterialInstanceDynamic_0, compiling. 
[2019.01.19-11.17.15:868][362]LogShaderCompilers: Display: Shaders left to compile 2
[2019.01.19-11.17.15:938][363]LogMaterial: Display: Missing cached shader map for material FLightmassMaterialRenderer WorldGridMaterial, compiling. Is special engine material.
[2019.01.19-11.17.15:948][363]LogShaderCompilers: Display: Shaders left to compile 2
[2019.01.19-11.17.15:948][363]LogMaterial: Display: Missing cached shader map for material FLightmassMaterialRenderer WorldGridMaterial, compiling. Is special engine material.
[2019.01.19-11.17.15:960][363]LogShaderCompilers: Display: Shaders left to compile 2
[2019.01.19-11.17.20:704][482]Job is a success!
[2019.01.19-11.17.54:631][622]LogSlate: Window 'Save Level As' being destroyed
